{"/home/travis/build/npmtest/node-npmtest-highlights/test.js":{"path":"/home/travis/build/npmtest/node-npmtest-highlights/test.js","s":{"1":2,"2":2,"3":2,"4":2,"5":2,"6":2,"7":2,"8":1,"9":2,"10":2,"11":1,"12":1,"13":1,"14":1,"15":2,"16":2,"17":2,"18":2,"19":1,"20":1,"21":2,"22":2,"23":2,"24":1,"25":1,"26":1,"27":1,"28":1,"29":1,"30":1,"31":1,"32":1,"33":1,"34":1,"35":1,"36":1,"37":1,"38":1,"39":2,"40":2,"41":1,"42":2,"43":2,"44":1,"45":2,"46":2,"47":1,"48":2,"49":2,"50":1,"51":1,"52":1,"53":1,"54":1},"b":{"1":[2,1,1,1],"2":[1,1,1,1],"3":[1,1],"4":[1,1],"5":[1,1],"6":[1,1],"7":[1,1],"8":[1,1],"9":[1,1],"10":[1,1,1],"11":[1,1],"12":[1,1],"13":[1,1],"14":[1,1],"15":[1,1],"16":[1,1],"17":[1,1]},"f":{"1":2,"2":2,"3":2,"4":2,"5":2,"6":1,"7":1,"8":1,"9":2,"10":2,"11":2,"12":2,"13":1},"fnMap":{"1":{"name":"(anonymous_1)","line":12,"loc":{"start":{"line":12,"column":1},"end":{"line":12,"column":13}}},"2":{"name":"(anonymous_2)","line":19,"loc":{"start":{"line":19,"column":5},"end":{"line":19,"column":17}}},"3":{"name":"(anonymous_3)","line":23,"loc":{"start":{"line":23,"column":24},"end":{"line":23,"column":36}}},"4":{"name":"(anonymous_4)","line":61,"loc":{"start":{"line":61,"column":5},"end":{"line":61,"column":17}}},"5":{"name":"(anonymous_5)","line":82,"loc":{"start":{"line":82,"column":5},"end":{"line":82,"column":17}}},"6":{"name":"(anonymous_6)","line":91,"loc":{"start":{"line":91,"column":77},"end":{"line":94,"column":10}}},"7":{"name":"(anonymous_7)","line":112,"loc":{"start":{"line":112,"column":83},"end":{"line":115,"column":10}},"skip":true},"8":{"name":"(anonymous_8)","line":123,"loc":{"start":{"line":123,"column":77},"end":{"line":126,"column":10}},"skip":true},"9":{"name":"(anonymous_9)","line":139,"loc":{"start":{"line":139,"column":12},"end":{"line":139,"column":40}},"skip":true},"10":{"name":"(anonymous_10)","line":147,"loc":{"start":{"line":147,"column":77},"end":{"line":150,"column":10}},"skip":true},"11":{"name":"(anonymous_11)","line":158,"loc":{"start":{"line":158,"column":83},"end":{"line":161,"column":10}},"skip":true},"12":{"name":"(anonymous_12)","line":169,"loc":{"start":{"line":169,"column":79},"end":{"line":172,"column":10}},"skip":true},"13":{"name":"(anonymous_13)","line":180,"loc":{"start":{"line":180,"column":75},"end":{"line":183,"column":10}},"skip":true}},"statementMap":{"1":{"start":{"line":12,"column":0},"end":{"line":195,"column":5}},"2":{"start":{"line":14,"column":4},"end":{"line":14,"column":14}},"3":{"start":{"line":19,"column":4},"end":{"line":56,"column":9}},"4":{"start":{"line":21,"column":8},"end":{"line":21,"column":19}},"5":{"start":{"line":23,"column":8},"end":{"line":35,"column":13}},"6":{"start":{"line":24,"column":12},"end":{"line":34,"column":13}},"7":{"start":{"line":25,"column":16},"end":{"line":28,"column":30}},"8":{"start":{"line":30,"column":16},"end":{"line":33,"column":27}},"9":{"start":{"line":37,"column":8},"end":{"line":39,"column":21}},"10":{"start":{"line":40,"column":8},"end":{"line":53,"column":9}},"11":{"start":{"line":43,"column":12},"end":{"line":46,"column":14}},"12":{"start":{"line":47,"column":12},"end":{"line":47,"column":18}},"13":{"start":{"line":50,"column":12},"end":{"line":51,"column":33}},"14":{"start":{"line":52,"column":12},"end":{"line":52,"column":18}},"15":{"start":{"line":55,"column":8},"end":{"line":55,"column":35}},"16":{"start":{"line":61,"column":4},"end":{"line":63,"column":9}},"17":{"start":{"line":62,"column":8},"end":{"line":62,"column":15}},"18":{"start":{"line":64,"column":4},"end":{"line":77,"column":5}},"19":{"start":{"line":70,"column":8},"end":{"line":70,"column":14}},"20":{"start":{"line":76,"column":8},"end":{"line":76,"column":14}},"21":{"start":{"line":82,"column":4},"end":{"line":84,"column":9}},"22":{"start":{"line":83,"column":8},"end":{"line":83,"column":15}},"23":{"start":{"line":85,"column":4},"end":{"line":194,"column":5}},"24":{"start":{"line":91,"column":8},"end":{"line":99,"column":10}},"25":{"start":{"line":98,"column":12},"end":{"line":98,"column":35}},"26":{"start":{"line":102,"column":8},"end":{"line":104,"column":63}},"27":{"start":{"line":105,"column":8},"end":{"line":105,"column":14}},"28":{"start":{"line":112,"column":8},"end":{"line":121,"column":10},"skip":true},"29":{"start":{"line":119,"column":12},"end":{"line":119,"column":55},"skip":true},"30":{"start":{"line":120,"column":12},"end":{"line":120,"column":48},"skip":true},"31":{"start":{"line":123,"column":8},"end":{"line":136,"column":10},"skip":true},"32":{"start":{"line":130,"column":12},"end":{"line":130,"column":76},"skip":true},"33":{"start":{"line":131,"column":12},"end":{"line":131,"column":73},"skip":true},"34":{"start":{"line":132,"column":12},"end":{"line":132,"column":74},"skip":true},"35":{"start":{"line":133,"column":12},"end":{"line":133,"column":79},"skip":true},"36":{"start":{"line":134,"column":12},"end":{"line":134,"column":25},"skip":true},"37":{"start":{"line":135,"column":12},"end":{"line":135,"column":45},"skip":true},"38":{"start":{"line":138,"column":8},"end":{"line":145,"column":14},"skip":true},"39":{"start":{"line":143,"column":16},"end":{"line":143,"column":29},"skip":true},"40":{"start":{"line":144,"column":16},"end":{"line":144,"column":55},"skip":true},"41":{"start":{"line":147,"column":8},"end":{"line":156,"column":10},"skip":true},"42":{"start":{"line":154,"column":12},"end":{"line":154,"column":25},"skip":true},"43":{"start":{"line":155,"column":12},"end":{"line":155,"column":45},"skip":true},"44":{"start":{"line":158,"column":8},"end":{"line":167,"column":10},"skip":true},"45":{"start":{"line":165,"column":12},"end":{"line":165,"column":25},"skip":true},"46":{"start":{"line":166,"column":12},"end":{"line":166,"column":48},"skip":true},"47":{"start":{"line":169,"column":8},"end":{"line":178,"column":10},"skip":true},"48":{"start":{"line":176,"column":12},"end":{"line":176,"column":25},"skip":true},"49":{"start":{"line":177,"column":12},"end":{"line":177,"column":46},"skip":true},"50":{"start":{"line":180,"column":8},"end":{"line":189,"column":10},"skip":true},"51":{"start":{"line":187,"column":12},"end":{"line":187,"column":94},"skip":true},"52":{"start":{"line":188,"column":12},"end":{"line":188,"column":48},"skip":true},"53":{"start":{"line":192,"column":8},"end":{"line":192,"column":35},"skip":true},"54":{"start":{"line":193,"column":8},"end":{"line":193,"column":14},"skip":true}},"branchMap":{"1":{"line":25,"type":"binary-expr","locations":[{"start":{"line":25,"column":23},"end":{"line":25,"column":62}},{"start":{"line":26,"column":20},"end":{"line":26,"column":70}},{"start":{"line":27,"column":20},"end":{"line":27,"column":71}},{"start":{"line":28,"column":20},"end":{"line":28,"column":29}}]},"2":{"line":30,"type":"binary-expr","locations":[{"start":{"line":30,"column":23},"end":{"line":30,"column":37}},{"start":{"line":31,"column":20},"end":{"line":31,"column":61}},{"start":{"line":32,"column":20},"end":{"line":32,"column":70}},{"start":{"line":33,"column":20},"end":{"line":33,"column":26}}]},"3":{"line":37,"type":"cond-expr","locations":[{"start":{"line":38,"column":14},"end":{"line":38,"column":20}},{"start":{"line":39,"column":14},"end":{"line":39,"column":20}}]},"4":{"line":40,"type":"switch","locations":[{"start":{"line":42,"column":8},"end":{"line":47,"column":18}},{"start":{"line":49,"column":8},"end":{"line":52,"column":18}}]},"5":{"line":44,"type":"binary-expr","locations":[{"start":{"line":44,"column":16},"end":{"line":44,"column":44}},{"start":{"line":44,"column":48},"end":{"line":44,"column":66}}]},"6":{"line":50,"type":"binary-expr","locations":[{"start":{"line":50,"column":21},"end":{"line":50,"column":49}},{"start":{"line":50,"column":53},"end":{"line":50,"column":72}}]},"7":{"line":64,"type":"switch","locations":[{"start":{"line":69,"column":4},"end":{"line":70,"column":14}},{"start":{"line":75,"column":4},"end":{"line":76,"column":14}}]},"8":{"line":85,"type":"switch","locations":[{"start":{"line":90,"column":4},"end":{"line":105,"column":14}},{"start":{"line":111,"column":4},"end":{"line":193,"column":14},"skip":true}]},"9":{"line":91,"type":"binary-expr","locations":[{"start":{"line":91,"column":42},"end":{"line":91,"column":73}},{"start":{"line":91,"column":77},"end":{"line":99,"column":9}}]},"10":{"line":102,"type":"binary-expr","locations":[{"start":{"line":102,"column":18},"end":{"line":102,"column":32}},{"start":{"line":103,"column":12},"end":{"line":103,"column":53}},{"start":{"line":104,"column":12},"end":{"line":104,"column":61}}]},"11":{"line":112,"type":"binary-expr","locations":[{"start":{"line":112,"column":45},"end":{"line":112,"column":79},"skip":true},{"start":{"line":112,"column":83},"end":{"line":121,"column":9},"skip":true}]},"12":{"line":123,"type":"binary-expr","locations":[{"start":{"line":123,"column":42},"end":{"line":123,"column":73},"skip":true},{"start":{"line":123,"column":77},"end":{"line":136,"column":9},"skip":true}]},"13":{"line":138,"type":"binary-expr","locations":[{"start":{"line":138,"column":48},"end":{"line":138,"column":85},"skip":true},{"start":{"line":139,"column":12},"end":{"line":145,"column":13},"skip":true}]},"14":{"line":147,"type":"binary-expr","locations":[{"start":{"line":147,"column":42},"end":{"line":147,"column":73},"skip":true},{"start":{"line":147,"column":77},"end":{"line":156,"column":9},"skip":true}]},"15":{"line":158,"type":"binary-expr","locations":[{"start":{"line":158,"column":45},"end":{"line":158,"column":79},"skip":true},{"start":{"line":158,"column":83},"end":{"line":167,"column":9},"skip":true}]},"16":{"line":169,"type":"binary-expr","locations":[{"start":{"line":169,"column":43},"end":{"line":169,"column":75},"skip":true},{"start":{"line":169,"column":79},"end":{"line":178,"column":9},"skip":true}]},"17":{"line":180,"type":"binary-expr","locations":[{"start":{"line":180,"column":41},"end":{"line":180,"column":71},"skip":true},{"start":{"line":180,"column":75},"end":{"line":189,"column":9},"skip":true}]}},"code":["/* istanbul instrument in package npmtest_highlights */","/*jslint","    bitwise: true,","    browser: true,","    maxerr: 8,","    maxlen: 96,","    node: true,","    nomen: true,","    regexp: true,","    stupid: true","*/","(function () {","    'use strict';","    var local;","","","","    // run shared js-env code - pre-init","    (function () {","        // init local","        local = {};","        // init modeJs","        local.modeJs = (function () {","            try {","                return typeof navigator.userAgent === 'string' &&","                    typeof document.querySelector('body') === 'object' &&","                    typeof XMLHttpRequest.prototype.open === 'function' &&","                    'browser';","            } catch (errorCaughtBrowser) {","                return module.exports &&","                    typeof process.versions.node === 'string' &&","                    typeof require('http').createServer === 'function' &&","                    'node';","            }","        }());","        // init global","        local.global = local.modeJs === 'browser'","            ? window","            : global;","        switch (local.modeJs) {","        // re-init local from window.local","        case 'browser':","            local = local.global.utility2.objectSetDefault(","                local.global.utility2_rollup || local.global.local,","                local.global.utility2","            );","            break;","        // re-init local from example.js","        case 'node':","            local = (local.global.utility2_rollup || require('utility2'))","                .requireReadme();","            break;","        }","        // export local","        local.global.local = local;","    }());","","","","    // run shared js-env code - function","    (function () {","        return;","    }());","    switch (local.modeJs) {","","","","    // run browser js-env code - function","    case 'browser':","        break;","","","","    // run node js-env code - function","    case 'node':","        break;","    }","","","","    // run shared js-env code - post-init","    (function () {","        return;","    }());","    switch (local.modeJs) {","","","","    // run browser js-env code - post-init","    case 'browser':","        local.testCase_browser_nullCase = local.testCase_browser_nullCase || function (","            options,","            onError","        ) {","        /*","         * this function will test browsers's null-case handling-behavior-behavior","         */","            onError(null, options);","        };","","        // run tests","        local.nop(local.modeTest &&","            document.querySelector('#testRunButton1') &&","            document.querySelector('#testRunButton1').click());","        break;","","","","    // run node js-env code - post-init","    /* istanbul ignore next */","    case 'node':","        local.testCase_buildApidoc_default = local.testCase_buildApidoc_default || function (","            options,","            onError","        ) {","        /*","         * this function will test buildApidoc's default handling-behavior-behavior","         */","            options = { modulePathList: module.paths };","            local.buildApidoc(options, onError);","        };","","        local.testCase_buildApp_default = local.testCase_buildApp_default || function (","            options,","            onError","        ) {","        /*","         * this function will test buildApp's default handling-behavior-behavior","         */","            local.testCase_buildReadme_default(options, local.onErrorThrow);","            local.testCase_buildLib_default(options, local.onErrorThrow);","            local.testCase_buildTest_default(options, local.onErrorThrow);","            local.testCase_buildCustomOrg_default(options, local.onErrorThrow);","            options = [];","            local.buildApp(options, onError);","        };","","        local.testCase_buildCustomOrg_default = local.testCase_buildCustomOrg_default ||","            function (options, onError) {","            /*","             * this function will test buildCustomOrg's default handling-behavior","             */","                options = {};","                local.buildCustomOrg(options, onError);","            };","","        local.testCase_buildLib_default = local.testCase_buildLib_default || function (","            options,","            onError","        ) {","        /*","         * this function will test buildLib's default handling-behavior","         */","            options = {};","            local.buildLib(options, onError);","        };","","        local.testCase_buildReadme_default = local.testCase_buildReadme_default || function (","            options,","            onError","        ) {","        /*","         * this function will test buildReadme's default handling-behavior-behavior","         */","            options = {};","            local.buildReadme(options, onError);","        };","","        local.testCase_buildTest_default = local.testCase_buildTest_default || function (","            options,","            onError","        ) {","        /*","         * this function will test buildTest's default handling-behavior","         */","            options = {};","            local.buildTest(options, onError);","        };","","        local.testCase_webpage_default = local.testCase_webpage_default || function (","            options,","            onError","        ) {","        /*","         * this function will test webpage's default handling-behavior","         */","            options = { modeCoverageMerge: true, url: local.serverLocalHost + '?modeTest=1' };","            local.browserTest(options, onError);","        };","","        // run test-server","        local.testRunServer(local);","        break;","    }","}());",""],"l":{"12":2,"14":2,"19":2,"21":2,"23":2,"24":2,"25":2,"30":1,"37":2,"40":2,"43":1,"47":1,"50":1,"52":1,"55":2,"61":2,"62":2,"64":2,"70":1,"76":1,"82":2,"83":2,"85":2,"91":1,"98":1,"102":1,"105":1,"112":1,"119":1,"120":1,"123":1,"130":1,"131":1,"132":1,"133":1,"134":1,"135":1,"138":1,"143":2,"144":2,"147":1,"154":2,"155":2,"158":1,"165":2,"166":2,"169":1,"176":2,"177":2,"180":1,"187":1,"188":1,"192":1,"193":1}},"/home/travis/build/npmtest/node-npmtest-highlights/lib.npmtest_highlights.js":{"path":"/home/travis/build/npmtest/node-npmtest-highlights/lib.npmtest_highlights.js","s":{"1":2,"2":2,"3":2,"4":2,"5":2,"6":2,"7":2,"8":1,"9":2,"10":2,"11":2,"12":2,"13":1,"14":1,"15":1,"16":1},"b":{"1":[2,1,1,1],"2":[1,1,1,1],"3":[1,1],"4":[2,2],"5":[1,1]},"f":{"1":2,"2":2,"3":2},"fnMap":{"1":{"name":"(anonymous_1)","line":12,"loc":{"start":{"line":12,"column":1},"end":{"line":12,"column":13}}},"2":{"name":"(anonymous_2)","line":19,"loc":{"start":{"line":19,"column":5},"end":{"line":19,"column":17}}},"3":{"name":"(anonymous_3)","line":23,"loc":{"start":{"line":23,"column":24},"end":{"line":23,"column":36}}}},"statementMap":{"1":{"start":{"line":12,"column":0},"end":{"line":53,"column":5}},"2":{"start":{"line":14,"column":4},"end":{"line":14,"column":14}},"3":{"start":{"line":19,"column":4},"end":{"line":52,"column":9}},"4":{"start":{"line":21,"column":8},"end":{"line":21,"column":19}},"5":{"start":{"line":23,"column":8},"end":{"line":35,"column":13}},"6":{"start":{"line":24,"column":12},"end":{"line":34,"column":13}},"7":{"start":{"line":25,"column":16},"end":{"line":28,"column":30}},"8":{"start":{"line":30,"column":16},"end":{"line":33,"column":27}},"9":{"start":{"line":37,"column":8},"end":{"line":39,"column":21}},"10":{"start":{"line":41,"column":8},"end":{"line":41,"column":54}},"11":{"start":{"line":43,"column":8},"end":{"line":43,"column":55}},"12":{"start":{"line":45,"column":8},"end":{"line":51,"column":9}},"13":{"start":{"line":46,"column":12},"end":{"line":46,"column":61}},"14":{"start":{"line":48,"column":12},"end":{"line":48,"column":35}},"15":{"start":{"line":49,"column":12},"end":{"line":49,"column":49}},"16":{"start":{"line":50,"column":12},"end":{"line":50,"column":43}}},"branchMap":{"1":{"line":25,"type":"binary-expr","locations":[{"start":{"line":25,"column":23},"end":{"line":25,"column":62}},{"start":{"line":26,"column":20},"end":{"line":26,"column":70}},{"start":{"line":27,"column":20},"end":{"line":27,"column":71}},{"start":{"line":28,"column":20},"end":{"line":28,"column":29}}]},"2":{"line":30,"type":"binary-expr","locations":[{"start":{"line":30,"column":23},"end":{"line":30,"column":37}},{"start":{"line":31,"column":20},"end":{"line":31,"column":61}},{"start":{"line":32,"column":20},"end":{"line":32,"column":70}},{"start":{"line":33,"column":20},"end":{"line":33,"column":26}}]},"3":{"line":37,"type":"cond-expr","locations":[{"start":{"line":38,"column":14},"end":{"line":38,"column":20}},{"start":{"line":39,"column":14},"end":{"line":39,"column":20}}]},"4":{"line":41,"type":"binary-expr","locations":[{"start":{"line":41,"column":16},"end":{"line":41,"column":44}},{"start":{"line":41,"column":48},"end":{"line":41,"column":53}}]},"5":{"line":45,"type":"if","locations":[{"start":{"line":45,"column":8},"end":{"line":45,"column":8}},{"start":{"line":45,"column":8},"end":{"line":45,"column":8}}]}},"code":["/* istanbul instrument in package npmtest_highlights */","/*jslint","    bitwise: true,","    browser: true,","    maxerr: 8,","    maxlen: 96,","    node: true,","    nomen: true,","    regexp: true,","    stupid: true","*/","(function () {","    'use strict';","    var local;","","","","    // run shared js-env code - pre-init","    (function () {","        // init local","        local = {};","        // init modeJs","        local.modeJs = (function () {","            try {","                return typeof navigator.userAgent === 'string' &&","                    typeof document.querySelector('body') === 'object' &&","                    typeof XMLHttpRequest.prototype.open === 'function' &&","                    'browser';","            } catch (errorCaughtBrowser) {","                return module.exports &&","                    typeof process.versions.node === 'string' &&","                    typeof require('http').createServer === 'function' &&","                    'node';","            }","        }());","        // init global","        local.global = local.modeJs === 'browser'","            ? window","            : global;","        // init utility2_rollup","        local = local.global.utility2_rollup || local;","        // init lib","        local.local = local.npmtest_highlights = local;","        // init exports","        if (local.modeJs === 'browser') {","            local.global.utility2_npmtest_highlights = local;","        } else {","            module.exports = local;","            module.exports.__dirname = __dirname;","            module.exports.module = module;","        }","    }());","}());",""],"l":{"12":2,"14":2,"19":2,"21":2,"23":2,"24":2,"25":2,"30":1,"37":2,"41":2,"43":2,"45":2,"46":1,"48":1,"49":1,"50":1}},"/home/travis/build/npmtest/node-npmtest-highlights/example.js":{"path":"/home/travis/build/npmtest/node-npmtest-highlights/example.js","s":{"1":2,"2":2,"3":2,"4":2,"5":2,"6":2,"7":2,"8":1,"9":2,"10":2,"11":2,"12":2,"13":1,"14":2,"15":2,"16":2,"17":2,"18":2,"19":0,"20":2,"21":1,"22":1,"23":1,"24":1,"25":1,"26":0,"27":0,"28":1,"29":1,"30":2,"31":0,"32":0,"33":0,"34":1,"35":2,"36":2,"37":3,"38":3,"39":3,"40":3,"41":0,"42":3,"43":3,"44":3,"45":1,"46":3,"47":1,"48":1,"49":1,"50":1,"51":1,"52":1,"53":1,"54":1,"55":1,"56":1,"57":0,"58":1,"59":6,"60":6,"61":1,"62":2,"63":0,"64":2,"65":1,"66":1,"67":0,"68":0,"69":0,"70":0,"71":0,"72":0,"73":0,"74":0,"75":0,"76":0,"77":0,"78":0,"79":0,"80":0,"81":0,"82":0,"83":0},"b":{"1":[2,1,1,1],"2":[1,1,1,1],"3":[1,1],"4":[2,2],"5":[1,1],"6":[1,1],"7":[2,0],"8":[2,1,1,1,1,1],"9":[0,2,0],"10":[1,1],"11":[2,1,1],"12":[1,0],"13":[0,2],"14":[2,0,0,0,0,0,0],"15":[0,3],"16":[3,0],"17":[1,1],"18":[0,1],"19":[1,2,0,2],"20":[1,0],"21":[1,1],"22":[0,0],"23":[0,0],"24":[0,0],"25":[0,0],"26":[0,0],"27":[0,0],"28":[0,0]},"f":{"1":2,"2":2,"3":2,"4":2,"5":2,"6":2,"7":3,"8":3,"9":3,"10":1,"11":6,"12":0},"fnMap":{"1":{"name":"(anonymous_1)","line":26,"loc":{"start":{"line":26,"column":1},"end":{"line":26,"column":13}}},"2":{"name":"(anonymous_2)","line":33,"loc":{"start":{"line":33,"column":5},"end":{"line":33,"column":17}}},"3":{"name":"(anonymous_3)","line":37,"loc":{"start":{"line":37,"column":24},"end":{"line":37,"column":36}}},"4":{"name":"(anonymous_4)","line":69,"loc":{"start":{"line":69,"column":31},"end":{"line":69,"column":48}},"skip":true},"5":{"name":"(anonymous_5)","line":78,"loc":{"start":{"line":78,"column":26},"end":{"line":78,"column":45}},"skip":true},"6":{"name":"(anonymous_6)","line":123,"loc":{"start":{"line":123,"column":33},"end":{"line":123,"column":48}},"skip":true},"7":{"name":"(anonymous_7)","line":125,"loc":{"start":{"line":125,"column":27},"end":{"line":125,"column":39}},"skip":true},"8":{"name":"(anonymous_8)","line":133,"loc":{"start":{"line":133,"column":59},"end":{"line":133,"column":74}},"skip":true},"9":{"name":"(anonymous_9)","line":143,"loc":{"start":{"line":143,"column":45},"end":{"line":143,"column":62}},"skip":true},"10":{"name":"(anonymous_10)","line":144,"loc":{"start":{"line":144,"column":73},"end":{"line":144,"column":92}},"skip":true},"11":{"name":"(anonymous_11)","line":272,"loc":{"start":{"line":272,"column":51},"end":{"line":272,"column":77}},"skip":true},"12":{"name":"(anonymous_12)","line":315,"loc":{"start":{"line":315,"column":32},"end":{"line":315,"column":61}},"skip":true}},"statementMap":{"1":{"start":{"line":26,"column":0},"end":{"line":326,"column":5}},"2":{"start":{"line":28,"column":4},"end":{"line":28,"column":14}},"3":{"start":{"line":33,"column":4},"end":{"line":60,"column":9}},"4":{"start":{"line":35,"column":8},"end":{"line":35,"column":19}},"5":{"start":{"line":37,"column":8},"end":{"line":49,"column":13}},"6":{"start":{"line":38,"column":12},"end":{"line":48,"column":13}},"7":{"start":{"line":39,"column":16},"end":{"line":42,"column":30}},"8":{"start":{"line":44,"column":16},"end":{"line":47,"column":27}},"9":{"start":{"line":51,"column":8},"end":{"line":53,"column":21}},"10":{"start":{"line":55,"column":8},"end":{"line":57,"column":45}},"11":{"start":{"line":59,"column":8},"end":{"line":59,"column":35}},"12":{"start":{"line":61,"column":4},"end":{"line":325,"column":5}},"13":{"start":{"line":69,"column":8},"end":{"line":121,"column":10},"skip":true},"14":{"start":{"line":70,"column":12},"end":{"line":88,"column":13},"skip":true},"15":{"start":{"line":76,"column":16},"end":{"line":87,"column":19},"skip":true},"16":{"start":{"line":79,"column":20},"end":{"line":86,"column":21},"skip":true},"17":{"start":{"line":82,"column":24},"end":{"line":82,"column":43},"skip":true},"18":{"start":{"line":83,"column":24},"end":{"line":83,"column":30},"skip":true},"19":{"start":{"line":85,"column":24},"end":{"line":85,"column":49},"skip":true},"20":{"start":{"line":89,"column":12},"end":{"line":107,"column":13},"skip":true},"21":{"start":{"line":92,"column":16},"end":{"line":102,"column":17},"skip":true},"22":{"start":{"line":93,"column":20},"end":{"line":93,"column":86},"skip":true},"23":{"start":{"line":94,"column":20},"end":{"line":95,"column":45},"skip":true},"24":{"start":{"line":96,"column":20},"end":{"line":96,"column":42},"skip":true},"25":{"start":{"line":97,"column":20},"end":{"line":97,"column":48},"skip":true},"26":{"start":{"line":100,"column":20},"end":{"line":100,"column":85},"skip":true},"27":{"start":{"line":101,"column":20},"end":{"line":101,"column":96},"skip":true},"28":{"start":{"line":103,"column":16},"end":{"line":103,"column":22},"skip":true},"29":{"start":{"line":106,"column":16},"end":{"line":106,"column":22},"skip":true},"30":{"start":{"line":108,"column":12},"end":{"line":120,"column":13},"skip":true},"31":{"start":{"line":114,"column":16},"end":{"line":119,"column":17},"skip":true},"32":{"start":{"line":116,"column":20},"end":{"line":116,"column":78},"skip":true},"33":{"start":{"line":118,"column":20},"end":{"line":118,"column":47},"skip":true},"34":{"start":{"line":123,"column":8},"end":{"line":141,"column":11},"skip":true},"35":{"start":{"line":124,"column":12},"end":{"line":124,"column":54},"skip":true},"36":{"start":{"line":125,"column":12},"end":{"line":140,"column":14},"skip":true},"37":{"start":{"line":126,"column":16},"end":{"line":126,"column":28},"skip":true},"38":{"start":{"line":127,"column":16},"end":{"line":127,"column":69},"skip":true},"39":{"start":{"line":128,"column":16},"end":{"line":128,"column":75},"skip":true},"40":{"start":{"line":129,"column":16},"end":{"line":131,"column":17},"skip":true},"41":{"start":{"line":130,"column":20},"end":{"line":130,"column":27},"skip":true},"42":{"start":{"line":133,"column":16},"end":{"line":137,"column":36},"skip":true},"43":{"start":{"line":134,"column":20},"end":{"line":136,"column":55},"skip":true},"44":{"start":{"line":139,"column":16},"end":{"line":139,"column":57},"skip":true},"45":{"start":{"line":143,"column":8},"end":{"line":147,"column":11},"skip":true},"46":{"start":{"line":144,"column":12},"end":{"line":146,"column":15},"skip":true},"47":{"start":{"line":145,"column":16},"end":{"line":145,"column":70},"skip":true},"48":{"start":{"line":149,"column":8},"end":{"line":149,"column":31},"skip":true},"49":{"start":{"line":150,"column":8},"end":{"line":150,"column":14},"skip":true},"50":{"start":{"line":158,"column":8},"end":{"line":158,"column":31},"skip":true},"51":{"start":{"line":160,"column":8},"end":{"line":160,"column":33},"skip":true},"52":{"start":{"line":161,"column":8},"end":{"line":161,"column":37},"skip":true},"53":{"start":{"line":162,"column":8},"end":{"line":162,"column":35},"skip":true},"54":{"start":{"line":164,"column":8},"end":{"line":164,"column":50},"skip":true},"55":{"start":{"line":166,"column":8},"end":{"line":256,"column":2},"skip":true},"56":{"start":{"line":258,"column":8},"end":{"line":286,"column":9},"skip":true},"57":{"start":{"line":259,"column":12},"end":{"line":269,"column":14},"skip":true},"58":{"start":{"line":271,"column":12},"end":{"line":285,"column":19},"skip":true},"59":{"start":{"line":274,"column":20},"end":{"line":274,"column":35},"skip":true},"60":{"start":{"line":275,"column":20},"end":{"line":284,"column":21},"skip":true},"61":{"start":{"line":277,"column":24},"end":{"line":277,"column":64},"skip":true},"62":{"start":{"line":279,"column":24},"end":{"line":279,"column":40},"skip":true},"63":{"start":{"line":281,"column":24},"end":{"line":281,"column":40},"skip":true},"64":{"start":{"line":283,"column":24},"end":{"line":283,"column":39},"skip":true},"65":{"start":{"line":288,"column":8},"end":{"line":290,"column":9},"skip":true},"66":{"start":{"line":289,"column":12},"end":{"line":289,"column":18},"skip":true},"67":{"start":{"line":291,"column":8},"end":{"line":293,"column":54},"skip":true},"68":{"start":{"line":296,"column":8},"end":{"line":301,"column":37},"skip":true},"69":{"start":{"line":303,"column":8},"end":{"line":303,"column":82},"skip":true},"70":{"start":{"line":306,"column":8},"end":{"line":308,"column":9},"skip":true},"71":{"start":{"line":307,"column":12},"end":{"line":307,"column":82},"skip":true},"72":{"start":{"line":310,"column":8},"end":{"line":312,"column":9},"skip":true},"73":{"start":{"line":311,"column":12},"end":{"line":311,"column":18},"skip":true},"74":{"start":{"line":313,"column":8},"end":{"line":313,"column":54},"skip":true},"75":{"start":{"line":314,"column":8},"end":{"line":314,"column":69},"skip":true},"76":{"start":{"line":315,"column":8},"end":{"line":323,"column":36},"skip":true},"77":{"start":{"line":316,"column":12},"end":{"line":316,"column":61},"skip":true},"78":{"start":{"line":317,"column":12},"end":{"line":320,"column":13},"skip":true},"79":{"start":{"line":318,"column":16},"end":{"line":318,"column":75},"skip":true},"80":{"start":{"line":319,"column":16},"end":{"line":319,"column":23},"skip":true},"81":{"start":{"line":321,"column":12},"end":{"line":321,"column":38},"skip":true},"82":{"start":{"line":322,"column":12},"end":{"line":322,"column":27},"skip":true},"83":{"start":{"line":324,"column":8},"end":{"line":324,"column":14},"skip":true}},"branchMap":{"1":{"line":39,"type":"binary-expr","locations":[{"start":{"line":39,"column":23},"end":{"line":39,"column":62}},{"start":{"line":40,"column":20},"end":{"line":40,"column":70}},{"start":{"line":41,"column":20},"end":{"line":41,"column":71}},{"start":{"line":42,"column":20},"end":{"line":42,"column":29}}]},"2":{"line":44,"type":"binary-expr","locations":[{"start":{"line":44,"column":23},"end":{"line":44,"column":37}},{"start":{"line":45,"column":20},"end":{"line":45,"column":61}},{"start":{"line":46,"column":20},"end":{"line":46,"column":70}},{"start":{"line":47,"column":20},"end":{"line":47,"column":26}}]},"3":{"line":51,"type":"cond-expr","locations":[{"start":{"line":52,"column":14},"end":{"line":52,"column":20}},{"start":{"line":53,"column":14},"end":{"line":53,"column":20}}]},"4":{"line":55,"type":"binary-expr","locations":[{"start":{"line":55,"column":16},"end":{"line":55,"column":44}},{"start":{"line":55,"column":49},"end":{"line":57,"column":43}}]},"5":{"line":55,"type":"cond-expr","locations":[{"start":{"line":56,"column":14},"end":{"line":56,"column":54}},{"start":{"line":57,"column":14},"end":{"line":57,"column":43}}]},"6":{"line":61,"type":"switch","locations":[{"start":{"line":68,"column":4},"end":{"line":150,"column":14},"skip":true},{"start":{"line":156,"column":4},"end":{"line":324,"column":14},"skip":true}]},"7":{"line":70,"type":"if","locations":[{"start":{"line":70,"column":12},"end":{"line":70,"column":12},"skip":true},{"start":{"line":70,"column":12},"end":{"line":70,"column":12},"skip":true}]},"8":{"line":70,"type":"binary-expr","locations":[{"start":{"line":70,"column":16},"end":{"line":70,"column":22},"skip":true},{"start":{"line":70,"column":27},"end":{"line":70,"column":32},"skip":true},{"start":{"line":71,"column":20},"end":{"line":71,"column":39},"skip":true},{"start":{"line":72,"column":20},"end":{"line":72,"column":49},"skip":true},{"start":{"line":73,"column":20},"end":{"line":73,"column":58},"skip":true},{"start":{"line":74,"column":20},"end":{"line":74,"column":69},"skip":true}]},"9":{"line":79,"type":"switch","locations":[{"start":{"line":80,"column":20},"end":{"line":80,"column":33},"skip":true},{"start":{"line":81,"column":20},"end":{"line":83,"column":30},"skip":true},{"start":{"line":84,"column":20},"end":{"line":85,"column":49},"skip":true}]},"10":{"line":89,"type":"switch","locations":[{"start":{"line":90,"column":12},"end":{"line":103,"column":22},"skip":true},{"start":{"line":105,"column":12},"end":{"line":106,"column":22},"skip":true}]},"11":{"line":89,"type":"binary-expr","locations":[{"start":{"line":89,"column":20},"end":{"line":89,"column":25},"skip":true},{"start":{"line":89,"column":29},"end":{"line":89,"column":48},"skip":true},{"start":{"line":89,"column":52},"end":{"line":89,"column":74},"skip":true}]},"12":{"line":92,"type":"if","locations":[{"start":{"line":92,"column":16},"end":{"line":92,"column":16},"skip":true},{"start":{"line":92,"column":16},"end":{"line":92,"column":16},"skip":true}]},"13":{"line":108,"type":"if","locations":[{"start":{"line":108,"column":12},"end":{"line":108,"column":12},"skip":true},{"start":{"line":108,"column":12},"end":{"line":108,"column":12},"skip":true}]},"14":{"line":108,"type":"binary-expr","locations":[{"start":{"line":108,"column":16},"end":{"line":108,"column":61},"skip":true},{"start":{"line":108,"column":66},"end":{"line":108,"column":72},"skip":true},{"start":{"line":108,"column":77},"end":{"line":108,"column":82},"skip":true},{"start":{"line":109,"column":20},"end":{"line":109,"column":39},"skip":true},{"start":{"line":110,"column":20},"end":{"line":110,"column":49},"skip":true},{"start":{"line":111,"column":20},"end":{"line":111,"column":58},"skip":true},{"start":{"line":112,"column":20},"end":{"line":112,"column":68},"skip":true}]},"15":{"line":129,"type":"if","locations":[{"start":{"line":129,"column":16},"end":{"line":129,"column":16},"skip":true},{"start":{"line":129,"column":16},"end":{"line":129,"column":16},"skip":true}]},"16":{"line":134,"type":"cond-expr","locations":[{"start":{"line":135,"column":26},"end":{"line":135,"column":29},"skip":true},{"start":{"line":136,"column":26},"end":{"line":136,"column":54},"skip":true}]},"17":{"line":164,"type":"binary-expr","locations":[{"start":{"line":164,"column":27},"end":{"line":164,"column":43},"skip":true},{"start":{"line":164,"column":47},"end":{"line":164,"column":49},"skip":true}]},"18":{"line":258,"type":"if","locations":[{"start":{"line":258,"column":8},"end":{"line":258,"column":8},"skip":true},{"start":{"line":258,"column":8},"end":{"line":258,"column":8},"skip":true}]},"19":{"line":275,"type":"switch","locations":[{"start":{"line":276,"column":20},"end":{"line":277,"column":64},"skip":true},{"start":{"line":278,"column":20},"end":{"line":279,"column":40},"skip":true},{"start":{"line":280,"column":20},"end":{"line":281,"column":40},"skip":true},{"start":{"line":282,"column":20},"end":{"line":283,"column":39},"skip":true}]},"20":{"line":288,"type":"if","locations":[{"start":{"line":288,"column":8},"end":{"line":288,"column":8},"skip":true},{"start":{"line":288,"column":8},"end":{"line":288,"column":8},"skip":true}]},"21":{"line":288,"type":"binary-expr","locations":[{"start":{"line":288,"column":12},"end":{"line":288,"column":40},"skip":true},{"start":{"line":288,"column":44},"end":{"line":288,"column":67},"skip":true}]},"22":{"line":292,"type":"binary-expr","locations":[{"start":{"line":292,"column":12},"end":{"line":292,"column":50},"skip":true},{"start":{"line":293,"column":12},"end":{"line":293,"column":53},"skip":true}]},"23":{"line":297,"type":"binary-expr","locations":[{"start":{"line":297,"column":12},"end":{"line":297,"column":68},"skip":true},{"start":{"line":298,"column":12},"end":{"line":301,"column":36},"skip":true}]},"24":{"line":303,"type":"binary-expr","locations":[{"start":{"line":303,"column":43},"end":{"line":303,"column":75},"skip":true},{"start":{"line":303,"column":79},"end":{"line":303,"column":81},"skip":true}]},"25":{"line":306,"type":"if","locations":[{"start":{"line":306,"column":8},"end":{"line":306,"column":8},"skip":true},{"start":{"line":306,"column":8},"end":{"line":306,"column":8},"skip":true}]},"26":{"line":310,"type":"if","locations":[{"start":{"line":310,"column":8},"end":{"line":310,"column":8},"skip":true},{"start":{"line":310,"column":8},"end":{"line":310,"column":8},"skip":true}]},"27":{"line":313,"type":"binary-expr","locations":[{"start":{"line":313,"column":27},"end":{"line":313,"column":43},"skip":true},{"start":{"line":313,"column":47},"end":{"line":313,"column":53},"skip":true}]},"28":{"line":317,"type":"if","locations":[{"start":{"line":317,"column":12},"end":{"line":317,"column":12},"skip":true},{"start":{"line":317,"column":12},"end":{"line":317,"column":12},"skip":true}]}},"code":["/*","example.js","","quickstart example","","instruction","    1. save this script as example.js","    2. run the shell command:","        $ npm install npmtest-highlights && PORT=8081 node example.js","    3. play with the browser-demo on http://127.0.0.1:8081","*/","","","","/* istanbul instrument in package npmtest_highlights */","/*jslint","    bitwise: true,","    browser: true,","    maxerr: 8,","    maxlen: 96,","    node: true,","    nomen: true,","    regexp: true,","    stupid: true","*/","(function () {","    'use strict';","    var local;","","","","    // run shared js-env code - pre-init","    (function () {","        // init local","        local = {};","        // init modeJs","        local.modeJs = (function () {","            try {","                return typeof navigator.userAgent === 'string' &&","                    typeof document.querySelector('body') === 'object' &&","                    typeof XMLHttpRequest.prototype.open === 'function' &&","                    'browser';","            } catch (errorCaughtBrowser) {","                return module.exports &&","                    typeof process.versions.node === 'string' &&","                    typeof require('http').createServer === 'function' &&","                    'node';","            }","        }());","        // init global","        local.global = local.modeJs === 'browser'","            ? window","            : global;","        // init utility2_rollup","        local = local.global.utility2_rollup || (local.modeJs === 'browser'","            ? local.global.utility2_npmtest_highlights","            : global.utility2_moduleExports);","        // export local","        local.global.local = local;","    }());","    switch (local.modeJs) {","","","","    // post-init","    // run browser js-env code - post-init","    /* istanbul ignore next */","    case 'browser':","        local.testRunBrowser = function (event) {","            if (!event || (event &&","                    event.currentTarget &&","                    event.currentTarget.className &&","                    event.currentTarget.className.includes &&","                    event.currentTarget.className.includes('onreset'))) {","                // reset output","                Array.from(","                    document.querySelectorAll('body > .resettable')","                ).forEach(function (element) {","                    switch (element.tagName) {","                    case 'INPUT':","                    case 'TEXTAREA':","                        element.value = '';","                        break;","                    default:","                        element.textContent = '';","                    }","                });","            }","            switch (event && event.currentTarget && event.currentTarget.id) {","            case 'testRunButton1':","                // show tests","                if (document.querySelector('#testReportDiv1').style.display === 'none') {","                    document.querySelector('#testReportDiv1').style.display = 'block';","                    document.querySelector('#testRunButton1').textContent =","                        'hide internal test';","                    local.modeTest = true;","                    local.testRunDefault(local);","                // hide tests","                } else {","                    document.querySelector('#testReportDiv1').style.display = 'none';","                    document.querySelector('#testRunButton1').textContent = 'run internal test';","                }","                break;","            // custom-case","            default:","                break;","            }","            if (document.querySelector('#inputTextareaEval1') && (!event || (event &&","                    event.currentTarget &&","                    event.currentTarget.className &&","                    event.currentTarget.className.includes &&","                    event.currentTarget.className.includes('oneval')))) {","                // try to eval input-code","                try {","                    /*jslint evil: true*/","                    eval(document.querySelector('#inputTextareaEval1').value);","                } catch (errorCaught) {","                    console.error(errorCaught);","                }","            }","        };","        // log stderr and stdout to #outputTextareaStdout1","        ['error', 'log'].forEach(function (key) {","            console[key + '_original'] = console[key];","            console[key] = function () {","                var element;","                console[key + '_original'].apply(console, arguments);","                element = document.querySelector('#outputTextareaStdout1');","                if (!element) {","                    return;","                }","                // append text to #outputTextareaStdout1","                element.value += Array.from(arguments).map(function (arg) {","                    return typeof arg === 'string'","                        ? arg","                        : JSON.stringify(arg, null, 4);","                }).join(' ') + '\\n';","                // scroll textarea to bottom","                element.scrollTop = element.scrollHeight;","            };","        });","        // init event-handling","        ['change', 'click', 'keyup'].forEach(function (event) {","            Array.from(document.querySelectorAll('.on' + event)).forEach(function (element) {","                element.addEventListener(event, local.testRunBrowser);","            });","        });","        // run tests","        local.testRunBrowser();","        break;","","","","    // run node js-env code - post-init","    /* istanbul ignore next */","    case 'node':","        // export local","        module.exports = local;","        // require modules","        local.fs = require('fs');","        local.http = require('http');","        local.url = require('url');","        // init assets","        local.assetsDict = local.assetsDict || {};","        /* jslint-ignore-begin */","        local.assetsDict['/assets.index.template.html'] = '\\","<!doctype html>\\n\\","<html lang=\"en\">\\n\\","<head>\\n\\","<meta charset=\"UTF-8\">\\n\\","<meta name=\"viewport\" content=\"width=device-width, initial-scale=1\">\\n\\","<title>{{env.npm_package_name}} (v{{env.npm_package_version}})</title>\\n\\","<style>\\n\\","/*csslint\\n\\","    box-sizing: false,\\n\\","    universal-selector: false\\n\\","*/\\n\\","* {\\n\\","    box-sizing: border-box;\\n\\","}\\n\\","body {\\n\\","    background: #dde;\\n\\","    font-family: Arial, Helvetica, sans-serif;\\n\\","    margin: 2rem;\\n\\","}\\n\\","body > * {\\n\\","    margin-bottom: 1rem;\\n\\","}\\n\\",".utility2FooterDiv {\\n\\","    margin-top: 20px;\\n\\","    text-align: center;\\n\\","}\\n\\","</style>\\n\\","<style>\\n\\","/*csslint\\n\\","*/\\n\\","textarea {\\n\\","    font-family: monospace;\\n\\","    height: 10rem;\\n\\","    width: 100%;\\n\\","}\\n\\","textarea[readonly] {\\n\\","    background: #ddd;\\n\\","}\\n\\","</style>\\n\\","</head>\\n\\","<body>\\n\\","<!-- utility2-comment\\n\\","<div id=\"ajaxProgressDiv1\" style=\"background: #d00; height: 2px; left: 0; margin: 0; padding: 0; position: fixed; top: 0; transition: background 0.5s, width 1.5s; width: 25%;\"></div>\\n\\","utility2-comment -->\\n\\","<h1>\\n\\","<!-- utility2-comment\\n\\","    <a\\n\\","        {{#if env.npm_package_homepage}}\\n\\","        href=\"{{env.npm_package_homepage}}\"\\n\\","        {{/if env.npm_package_homepage}}\\n\\","        target=\"_blank\"\\n\\","    >\\n\\","utility2-comment -->\\n\\","        {{env.npm_package_name}} (v{{env.npm_package_version}})\\n\\","<!-- utility2-comment\\n\\","    </a>\\n\\","utility2-comment -->\\n\\","</h1>\\n\\","<h3>{{env.npm_package_description}}</h3>\\n\\","<!-- utility2-comment\\n\\","<h4><a download href=\"assets.app.js\">download standalone app</a></h4>\\n\\","<button class=\"onclick onreset\" id=\"testRunButton1\">run internal test</button><br>\\n\\","<div id=\"testReportDiv1\" style=\"display: none;\"></div>\\n\\","utility2-comment -->\\n\\","\\n\\","\\n\\","\\n\\","<label>stderr and stdout</label>\\n\\","<textarea class=\"resettable\" id=\"outputTextareaStdout1\" readonly></textarea>\\n\\","<!-- utility2-comment\\n\\","{{#if isRollup}}\\n\\","<script src=\"assets.app.js\"></script>\\n\\","{{#unless isRollup}}\\n\\","utility2-comment -->\\n\\","<script src=\"assets.utility2.rollup.js\"></script>\\n\\","<script src=\"jsonp.utility2._stateInit?callback=window.utility2._stateInit\"></script>\\n\\","<script src=\"assets.npmtest_highlights.rollup.js\"></script>\\n\\","<script src=\"assets.example.js\"></script>\\n\\","<script src=\"assets.test.js\"></script>\\n\\","<!-- utility2-comment\\n\\","{{/if isRollup}}\\n\\","utility2-comment -->\\n\\","<div class=\"utility2FooterDiv\">\\n\\","    [ this app was created with\\n\\","    <a href=\"https://github.com/kaizhu256/node-utility2\" target=\"_blank\">utility2</a>\\n\\","    ]\\n\\","</div>\\n\\","</body>\\n\\","</html>\\n\\","';","        /* jslint-ignore-end */","        if (local.templateRender) {","            local.assetsDict['/'] = local.templateRender(","                local.assetsDict['/assets.index.template.html'],","                {","                    env: local.objectSetDefault(local.env, {","                        npm_package_description: 'the greatest app in the world!',","                        npm_package_name: 'my-app',","                        npm_package_nameAlias: 'my_app',","                        npm_package_version: '0.0.1'","                    })","                }","            );","        } else {","            local.assetsDict['/'] = local.assetsDict['/assets.index.template.html']","                .replace((/\\{\\{env\\.(\\w+?)\\}\\}/g), function (match0, match1) {","                    // jslint-hack","                    String(match0);","                    switch (match1) {","                    case 'npm_package_description':","                        return 'the greatest app in the world!';","                    case 'npm_package_name':","                        return 'my-app';","                    case 'npm_package_nameAlias':","                        return 'my_app';","                    case 'npm_package_version':","                        return '0.0.1';","                    }","                });","        }","        // run the cli","        if (local.global.utility2_rollup || module !== require.main) {","            break;","        }","        local.assetsDict['/assets.example.js'] =","            local.assetsDict['/assets.example.js'] ||","            local.fs.readFileSync(__filename, 'utf8');","        // bug-workaround - long $npm_package_buildCustomOrg","        /* jslint-ignore-begin */","        local.assetsDict['/assets.npmtest_highlights.rollup.js'] =","            local.assetsDict['/assets.npmtest_highlights.rollup.js'] ||","            local.fs.readFileSync(","                local.npmtest_highlights.__dirname + '/lib.npmtest_highlights.js',","                'utf8'","            ).replace((/^#!/), '//');","        /* jslint-ignore-end */","        local.assetsDict['/favicon.ico'] = local.assetsDict['/favicon.ico'] || '';","        // if $npm_config_timeout_exit exists,","        // then exit this process after $npm_config_timeout_exit ms","        if (Number(process.env.npm_config_timeout_exit)) {","            setTimeout(process.exit, Number(process.env.npm_config_timeout_exit));","        }","        // start server","        if (local.global.utility2_serverHttp1) {","            break;","        }","        process.env.PORT = process.env.PORT || '8081';","        console.error('server starting on port ' + process.env.PORT);","        local.http.createServer(function (request, response) {","            request.urlParsed = local.url.parse(request.url);","            if (local.assetsDict[request.urlParsed.pathname] !== undefined) {","                response.end(local.assetsDict[request.urlParsed.pathname]);","                return;","            }","            response.statusCode = 404;","            response.end();","        }).listen(process.env.PORT);","        break;","    }","}());",""],"l":{"26":2,"28":2,"33":2,"35":2,"37":2,"38":2,"39":2,"44":1,"51":2,"55":2,"59":2,"61":2,"69":1,"70":2,"76":2,"79":2,"82":2,"83":2,"85":1,"89":2,"92":1,"93":1,"94":1,"96":1,"97":1,"100":1,"101":1,"103":1,"106":1,"108":2,"114":1,"116":1,"118":1,"123":1,"124":2,"125":2,"126":3,"127":3,"128":3,"129":3,"130":1,"133":3,"134":3,"139":3,"143":1,"144":3,"145":1,"149":1,"150":1,"158":1,"160":1,"161":1,"162":1,"164":1,"166":1,"258":1,"259":1,"271":1,"274":6,"275":6,"277":1,"279":2,"281":1,"283":2,"288":1,"289":1,"291":1,"296":1,"303":1,"306":1,"307":1,"310":1,"311":1,"313":1,"314":1,"315":1,"316":1,"317":1,"318":1,"319":1,"321":1,"322":1,"324":1}},"/home/travis/build/npmtest/node-npmtest-highlights/node_modules/highlights/lib/highlights.js":{"path":"/home/travis/build/npmtest/node-npmtest-highlights/node_modules/highlights/lib/highlights.js","s":{"1":1,"2":1,"3":1,"4":1,"5":1,"6":1,"7":1,"8":1,"9":1,"10":1,"11":1,"12":1,"13":0,"14":0,"15":0,"16":0,"17":0,"18":0,"19":0,"20":1,"21":0,"22":0,"23":0,"24":0,"25":0,"26":0,"27":0,"28":1,"29":0,"30":0,"31":0,"32":0,"33":0,"34":0,"35":0,"36":0,"37":0,"38":0,"39":0,"40":0,"41":1,"42":0,"43":0,"44":0,"45":0,"46":0,"47":0,"48":0,"49":0,"50":0,"51":0,"52":0,"53":0,"54":0,"55":0,"56":1,"57":0,"58":0,"59":0,"60":0,"61":0,"62":0,"63":0,"64":0,"65":0,"66":0,"67":0,"68":0,"69":0,"70":0,"71":0,"72":0,"73":0,"74":1,"75":0,"76":0,"77":0,"78":0,"79":0,"80":0,"81":0,"82":0,"83":0,"84":0,"85":0,"86":0,"87":0,"88":0,"89":0,"90":0,"91":0,"92":0,"93":0,"94":0,"95":0,"96":0,"97":0,"98":0,"99":0,"100":1,"101":0,"102":0,"103":0,"104":0,"105":0,"106":0,"107":0,"108":1,"109":0,"110":0,"111":0,"112":0,"113":0,"114":0,"115":0,"116":0,"117":0,"118":0,"119":0,"120":0,"121":0,"122":0,"123":0,"124":0,"125":0,"126":0,"127":0,"128":0,"129":0,"130":0,"131":0,"132":0,"133":0,"134":0,"135":1,"136":0,"137":0,"138":0,"139":0,"140":0,"141":0,"142":0,"143":0,"144":0,"145":0,"146":0,"147":0,"148":0,"149":0,"150":0,"151":0,"152":0,"153":0,"154":0,"155":1,"156":0,"157":0,"158":0,"159":0,"160":0,"161":0,"162":0,"163":0,"164":0,"165":0,"166":0,"167":0,"168":0,"169":0,"170":0,"171":0,"172":0,"173":0,"174":0,"175":0,"176":0,"177":0,"178":0,"179":0,"180":0,"181":0,"182":0,"183":0,"184":0,"185":0,"186":0,"187":1,"188":0,"189":0,"190":0,"191":0,"192":0,"193":0,"194":0,"195":0,"196":0,"197":0,"198":0,"199":0,"200":0,"201":0,"202":0,"203":0,"204":0,"205":0,"206":0,"207":0,"208":0,"209":0,"210":0,"211":0,"212":0,"213":1,"214":0,"215":0,"216":0,"217":0,"218":0,"219":0,"220":0,"221":0,"222":0,"223":0,"224":0,"225":0,"226":0,"227":0,"228":1,"229":0,"230":0,"231":0,"232":0,"233":0,"234":0,"235":0,"236":0,"237":1,"238":0,"239":0,"240":0,"241":0,"242":0,"243":0,"244":0,"245":0,"246":0,"247":1,"248":0,"249":0,"250":0,"251":0,"252":0,"253":0,"254":0,"255":0,"256":0,"257":0,"258":0,"259":0,"260":1,"261":0,"262":0,"263":0,"264":0,"265":0,"266":0,"267":1,"268":0,"269":0,"270":1},"b":{"1":[0,0],"2":[0,0],"3":[0,0],"4":[0,0],"5":[0,0],"6":[0,0],"7":[0,0],"8":[0,0],"9":[0,0],"10":[0,0],"11":[0,0],"12":[0,0],"13":[0,0],"14":[0,0],"15":[0,0],"16":[0,0],"17":[0,0],"18":[0,0],"19":[0,0],"20":[0,0],"21":[0,0],"22":[0,0],"23":[0,0],"24":[0,0],"25":[0,0],"26":[0,0],"27":[0,0],"28":[0,0],"29":[0,0],"30":[0,0],"31":[0,0],"32":[0,0],"33":[0,0],"34":[0,0],"35":[0,0],"36":[0,0],"37":[0,0],"38":[0,0],"39":[0,0],"40":[0,0],"41":[0,0],"42":[0,0],"43":[0,0],"44":[0,0],"45":[0,0],"46":[0,0],"47":[0,0],"48":[0,0],"49":[0,0],"50":[0,0],"51":[0,0],"52":[0,0],"53":[0,0],"54":[0,0],"55":[0,0,0,0,0,0,0],"56":[0,0],"57":[0,0],"58":[0,0],"59":[0,0],"60":[0,0],"61":[0,0],"62":[0,0]},"f":{"1":1,"2":1,"3":0,"4":0,"5":0,"6":0,"7":0,"8":0,"9":0,"10":0,"11":0,"12":0,"13":0,"14":0,"15":0,"16":0,"17":0,"18":0,"19":0,"20":0,"21":0,"22":0,"23":0,"24":0,"25":0,"26":0,"27":0,"28":0,"29":0,"30":0,"31":0,"32":0,"33":0,"34":0,"35":0,"36":0,"37":0,"38":0,"39":0,"40":0,"41":0,"42":0,"43":0,"44":0},"fnMap":{"1":{"name":"(anonymous_1)","line":1,"loc":{"start":{"line":1,"column":1},"end":{"line":1,"column":12}}},"2":{"name":"(anonymous_2)","line":20,"loc":{"start":{"line":20,"column":33},"end":{"line":20,"column":44}}},"3":{"name":"Highlights","line":21,"loc":{"start":{"line":21,"column":4},"end":{"line":21,"column":29}}},"4":{"name":"(anonymous_4)","line":35,"loc":{"start":{"line":35,"column":41},"end":{"line":35,"column":55}}},"5":{"name":"(anonymous_5)","line":51,"loc":{"start":{"line":51,"column":37},"end":{"line":51,"column":55}}},"6":{"name":"(anonymous_6)","line":54,"loc":{"start":{"line":54,"column":32},"end":{"line":54,"column":48}}},"7":{"name":"(anonymous_7)","line":55,"loc":{"start":{"line":55,"column":15},"end":{"line":55,"column":29}}},"8":{"name":"(anonymous_8)","line":60,"loc":{"start":{"line":60,"column":49},"end":{"line":60,"column":77}}},"9":{"name":"(anonymous_9)","line":81,"loc":{"start":{"line":81,"column":47},"end":{"line":81,"column":61}}},"10":{"name":"(anonymous_10)","line":103,"loc":{"start":{"line":103,"column":43},"end":{"line":103,"column":61}}},"11":{"name":"(anonymous_11)","line":106,"loc":{"start":{"line":106,"column":32},"end":{"line":106,"column":48}}},"12":{"name":"(anonymous_12)","line":107,"loc":{"start":{"line":107,"column":15},"end":{"line":107,"column":29}}},"13":{"name":"(anonymous_13)","line":111,"loc":{"start":{"line":111,"column":37},"end":{"line":111,"column":57}}},"14":{"name":"(anonymous_14)","line":130,"loc":{"start":{"line":130,"column":52},"end":{"line":130,"column":70}}},"15":{"name":"(anonymous_15)","line":134,"loc":{"start":{"line":134,"column":13},"end":{"line":134,"column":27}}},"16":{"name":"(anonymous_16)","line":142,"loc":{"start":{"line":142,"column":30},"end":{"line":142,"column":46}}},"17":{"name":"(anonymous_17)","line":143,"loc":{"start":{"line":143,"column":15},"end":{"line":143,"column":36}}},"18":{"name":"(anonymous_18)","line":157,"loc":{"start":{"line":157,"column":67},"end":{"line":157,"column":81}}},"19":{"name":"(anonymous_19)","line":169,"loc":{"start":{"line":169,"column":48},"end":{"line":169,"column":74}}},"20":{"name":"(anonymous_20)","line":170,"loc":{"start":{"line":170,"column":35},"end":{"line":170,"column":51}}},"21":{"name":"(anonymous_21)","line":171,"loc":{"start":{"line":171,"column":15},"end":{"line":171,"column":35}}},"22":{"name":"(anonymous_22)","line":183,"loc":{"start":{"line":183,"column":44},"end":{"line":183,"column":58}}},"23":{"name":"(anonymous_23)","line":219,"loc":{"start":{"line":219,"column":44},"end":{"line":219,"column":55}}},"24":{"name":"(anonymous_24)","line":247,"loc":{"start":{"line":247,"column":40},"end":{"line":247,"column":53}}},"25":{"name":"(anonymous_25)","line":256,"loc":{"start":{"line":256,"column":19},"end":{"line":256,"column":35}}},"26":{"name":"(anonymous_26)","line":257,"loc":{"start":{"line":257,"column":15},"end":{"line":257,"column":29}}},"27":{"name":"(anonymous_27)","line":271,"loc":{"start":{"line":271,"column":14},"end":{"line":271,"column":30}}},"28":{"name":"(anonymous_28)","line":272,"loc":{"start":{"line":272,"column":15},"end":{"line":272,"column":36}}},"29":{"name":"(anonymous_29)","line":281,"loc":{"start":{"line":281,"column":25},"end":{"line":281,"column":44}}},"30":{"name":"(anonymous_30)","line":285,"loc":{"start":{"line":285,"column":36},"end":{"line":285,"column":60}}},"31":{"name":"(anonymous_31)","line":291,"loc":{"start":{"line":291,"column":45},"end":{"line":291,"column":91}}},"32":{"name":"(anonymous_32)","line":295,"loc":{"start":{"line":295,"column":14},"end":{"line":295,"column":30}}},"33":{"name":"(anonymous_33)","line":296,"loc":{"start":{"line":296,"column":15},"end":{"line":296,"column":38}}},"34":{"name":"(anonymous_34)","line":328,"loc":{"start":{"line":328,"column":41},"end":{"line":328,"column":54}}},"35":{"name":"(anonymous_35)","line":330,"loc":{"start":{"line":330,"column":42},"end":{"line":330,"column":58}}},"36":{"name":"(anonymous_36)","line":331,"loc":{"start":{"line":331,"column":17},"end":{"line":331,"column":37}}},"37":{"name":"(anonymous_37)","line":338,"loc":{"start":{"line":338,"column":66},"end":{"line":338,"column":86}}},"38":{"name":"(anonymous_38)","line":354,"loc":{"start":{"line":354,"column":45},"end":{"line":354,"column":58}}},"39":{"name":"(anonymous_39)","line":357,"loc":{"start":{"line":357,"column":39},"end":{"line":357,"column":63}}},"40":{"name":"(anonymous_40)","line":368,"loc":{"start":{"line":368,"column":40},"end":{"line":368,"column":57}}},"41":{"name":"(anonymous_41)","line":369,"loc":{"start":{"line":369,"column":41},"end":{"line":369,"column":57}}},"42":{"name":"(anonymous_42)","line":389,"loc":{"start":{"line":389,"column":44},"end":{"line":389,"column":86}}},"43":{"name":"(anonymous_43)","line":409,"loc":{"start":{"line":409,"column":37},"end":{"line":409,"column":71}}},"44":{"name":"(anonymous_44)","line":420,"loc":{"start":{"line":420,"column":36},"end":{"line":420,"column":63}}}},"statementMap":{"1":{"start":{"line":1,"column":0},"end":{"line":429,"column":14}},"2":{"start":{"line":2,"column":2},"end":{"line":2,"column":79}},"3":{"start":{"line":4,"column":2},"end":{"line":4,"column":25}},"4":{"start":{"line":6,"column":2},"end":{"line":6,"column":33}},"5":{"start":{"line":8,"column":2},"end":{"line":8,"column":26}},"6":{"start":{"line":10,"column":2},"end":{"line":10,"column":27}},"7":{"start":{"line":12,"column":2},"end":{"line":12,"column":25}},"8":{"start":{"line":14,"column":2},"end":{"line":14,"column":58}},"9":{"start":{"line":16,"column":2},"end":{"line":16,"column":50}},"10":{"start":{"line":18,"column":2},"end":{"line":18,"column":24}},"11":{"start":{"line":20,"column":2},"end":{"line":427,"column":7}},"12":{"start":{"line":21,"column":4},"end":{"line":33,"column":5}},"13":{"start":{"line":22,"column":6},"end":{"line":22,"column":14}},"14":{"start":{"line":23,"column":6},"end":{"line":23,"column":137}},"15":{"start":{"line":24,"column":6},"end":{"line":28,"column":7}},"16":{"start":{"line":25,"column":8},"end":{"line":27,"column":11}},"17":{"start":{"line":29,"column":6},"end":{"line":29,"column":36}},"18":{"start":{"line":30,"column":6},"end":{"line":32,"column":7}},"19":{"start":{"line":31,"column":8},"end":{"line":31,"column":30}},"20":{"start":{"line":35,"column":4},"end":{"line":49,"column":6}},"21":{"start":{"line":36,"column":6},"end":{"line":36,"column":49}},"22":{"start":{"line":37,"column":6},"end":{"line":37,"column":120}},"23":{"start":{"line":38,"column":6},"end":{"line":38,"column":30}},"24":{"start":{"line":39,"column":6},"end":{"line":43,"column":7}},"25":{"start":{"line":40,"column":8},"end":{"line":42,"column":9}},"26":{"start":{"line":41,"column":10},"end":{"line":41,"column":59}},"27":{"start":{"line":44,"column":6},"end":{"line":48,"column":9}},"28":{"start":{"line":51,"column":4},"end":{"line":79,"column":6}},"29":{"start":{"line":52,"column":6},"end":{"line":52,"column":49}},"30":{"start":{"line":53,"column":6},"end":{"line":53,"column":120}},"31":{"start":{"line":54,"column":6},"end":{"line":78,"column":16}},"32":{"start":{"line":55,"column":8},"end":{"line":77,"column":10}},"33":{"start":{"line":56,"column":10},"end":{"line":58,"column":11}},"34":{"start":{"line":57,"column":12},"end":{"line":57,"column":27}},"35":{"start":{"line":59,"column":10},"end":{"line":76,"column":11}},"36":{"start":{"line":60,"column":12},"end":{"line":69,"column":15}},"37":{"start":{"line":61,"column":14},"end":{"line":63,"column":15}},"38":{"start":{"line":62,"column":16},"end":{"line":62,"column":31}},"39":{"start":{"line":64,"column":14},"end":{"line":68,"column":18}},"40":{"start":{"line":71,"column":12},"end":{"line":75,"column":16}},"41":{"start":{"line":81,"column":4},"end":{"line":101,"column":6}},"42":{"start":{"line":82,"column":6},"end":{"line":82,"column":78}},"43":{"start":{"line":83,"column":6},"end":{"line":83,"column":55}},"44":{"start":{"line":84,"column":6},"end":{"line":84,"column":30}},"45":{"start":{"line":85,"column":6},"end":{"line":89,"column":7}},"46":{"start":{"line":86,"column":8},"end":{"line":86,"column":46}},"47":{"start":{"line":88,"column":8},"end":{"line":88,"column":32}},"48":{"start":{"line":90,"column":6},"end":{"line":90,"column":57}},"49":{"start":{"line":91,"column":6},"end":{"line":93,"column":7}},"50":{"start":{"line":92,"column":8},"end":{"line":92,"column":15}},"51":{"start":{"line":94,"column":6},"end":{"line":94,"column":40}},"52":{"start":{"line":95,"column":6},"end":{"line":100,"column":7}},"53":{"start":{"line":96,"column":8},"end":{"line":96,"column":22}},"54":{"start":{"line":97,"column":8},"end":{"line":99,"column":9}},"55":{"start":{"line":98,"column":10},"end":{"line":98,"column":53}},"56":{"start":{"line":103,"column":4},"end":{"line":128,"column":6}},"57":{"start":{"line":104,"column":6},"end":{"line":104,"column":21}},"58":{"start":{"line":105,"column":6},"end":{"line":105,"column":55}},"59":{"start":{"line":106,"column":6},"end":{"line":127,"column":16}},"60":{"start":{"line":107,"column":8},"end":{"line":126,"column":10}},"61":{"start":{"line":108,"column":10},"end":{"line":110,"column":11}},"62":{"start":{"line":109,"column":12},"end":{"line":109,"column":27}},"63":{"start":{"line":111,"column":10},"end":{"line":125,"column":13}},"64":{"start":{"line":112,"column":12},"end":{"line":112,"column":40}},"65":{"start":{"line":113,"column":12},"end":{"line":115,"column":13}},"66":{"start":{"line":114,"column":14},"end":{"line":114,"column":29}},"67":{"start":{"line":116,"column":12},"end":{"line":122,"column":13}},"68":{"start":{"line":117,"column":14},"end":{"line":117,"column":52}},"69":{"start":{"line":118,"column":19},"end":{"line":122,"column":13}},"70":{"start":{"line":119,"column":14},"end":{"line":119,"column":38}},"71":{"start":{"line":121,"column":14},"end":{"line":121,"column":26}},"72":{"start":{"line":123,"column":12},"end":{"line":123,"column":63}},"73":{"start":{"line":124,"column":12},"end":{"line":124,"column":67}},"74":{"start":{"line":130,"column":4},"end":{"line":167,"column":6}},"75":{"start":{"line":131,"column":6},"end":{"line":131,"column":21}},"76":{"start":{"line":132,"column":6},"end":{"line":132,"column":20}},"77":{"start":{"line":133,"column":6},"end":{"line":133,"column":19}},"78":{"start":{"line":134,"column":6},"end":{"line":141,"column":8}},"79":{"start":{"line":135,"column":8},"end":{"line":137,"column":9}},"80":{"start":{"line":136,"column":10},"end":{"line":136,"column":25}},"81":{"start":{"line":138,"column":8},"end":{"line":140,"column":9}},"82":{"start":{"line":139,"column":10},"end":{"line":139,"column":22}},"83":{"start":{"line":142,"column":6},"end":{"line":166,"column":16}},"84":{"start":{"line":143,"column":8},"end":{"line":165,"column":10}},"85":{"start":{"line":144,"column":10},"end":{"line":144,"column":41}},"86":{"start":{"line":145,"column":10},"end":{"line":147,"column":11}},"87":{"start":{"line":146,"column":12},"end":{"line":146,"column":27}},"88":{"start":{"line":148,"column":10},"end":{"line":148,"column":30}},"89":{"start":{"line":149,"column":10},"end":{"line":151,"column":11}},"90":{"start":{"line":150,"column":12},"end":{"line":150,"column":33}},"91":{"start":{"line":152,"column":10},"end":{"line":152,"column":23}},"92":{"start":{"line":153,"column":10},"end":{"line":163,"column":11}},"93":{"start":{"line":154,"column":12},"end":{"line":154,"column":33}},"94":{"start":{"line":155,"column":12},"end":{"line":155,"column":47}},"95":{"start":{"line":156,"column":12},"end":{"line":162,"column":13}},"96":{"start":{"line":157,"column":14},"end":{"line":159,"column":18}},"97":{"start":{"line":158,"column":16},"end":{"line":158,"column":33}},"98":{"start":{"line":161,"column":14},"end":{"line":161,"column":35}},"99":{"start":{"line":164,"column":10},"end":{"line":164,"column":25}},"100":{"start":{"line":169,"column":4},"end":{"line":181,"column":6}},"101":{"start":{"line":170,"column":6},"end":{"line":180,"column":16}},"102":{"start":{"line":171,"column":8},"end":{"line":179,"column":10}},"103":{"start":{"line":172,"column":10},"end":{"line":174,"column":11}},"104":{"start":{"line":173,"column":12},"end":{"line":173,"column":27}},"105":{"start":{"line":175,"column":10},"end":{"line":177,"column":11}},"106":{"start":{"line":176,"column":12},"end":{"line":176,"column":24}},"107":{"start":{"line":178,"column":10},"end":{"line":178,"column":61}},"108":{"start":{"line":183,"column":4},"end":{"line":217,"column":6}},"109":{"start":{"line":184,"column":6},"end":{"line":184,"column":150}},"110":{"start":{"line":185,"column":6},"end":{"line":185,"column":120}},"111":{"start":{"line":186,"column":6},"end":{"line":186,"column":61}},"112":{"start":{"line":187,"column":6},"end":{"line":189,"column":7}},"113":{"start":{"line":188,"column":8},"end":{"line":188,"column":80}},"114":{"start":{"line":190,"column":6},"end":{"line":190,"column":55}},"115":{"start":{"line":191,"column":6},"end":{"line":196,"column":7}},"116":{"start":{"line":192,"column":8},"end":{"line":192,"column":59}},"117":{"start":{"line":193,"column":8},"end":{"line":195,"column":9}},"118":{"start":{"line":194,"column":10},"end":{"line":194,"column":27}},"119":{"start":{"line":197,"column":6},"end":{"line":197,"column":50}},"120":{"start":{"line":198,"column":6},"end":{"line":214,"column":7}},"121":{"start":{"line":199,"column":8},"end":{"line":199,"column":31}},"122":{"start":{"line":200,"column":8},"end":{"line":200,"column":24}},"123":{"start":{"line":201,"column":8},"end":{"line":201,"column":37}},"124":{"start":{"line":202,"column":8},"end":{"line":209,"column":9}},"125":{"start":{"line":203,"column":10},"end":{"line":203,"column":69}},"126":{"start":{"line":204,"column":10},"end":{"line":206,"column":11}},"127":{"start":{"line":205,"column":12},"end":{"line":205,"column":24}},"128":{"start":{"line":207,"column":10},"end":{"line":207,"column":65}},"129":{"start":{"line":208,"column":10},"end":{"line":208,"column":68}},"130":{"start":{"line":210,"column":8},"end":{"line":212,"column":9}},"131":{"start":{"line":211,"column":10},"end":{"line":211,"column":49}},"132":{"start":{"line":213,"column":8},"end":{"line":213,"column":25}},"133":{"start":{"line":215,"column":6},"end":{"line":215,"column":23}},"134":{"start":{"line":216,"column":6},"end":{"line":216,"column":18}},"135":{"start":{"line":219,"column":4},"end":{"line":245,"column":6}},"136":{"start":{"line":220,"column":6},"end":{"line":220,"column":74}},"137":{"start":{"line":221,"column":6},"end":{"line":223,"column":7}},"138":{"start":{"line":222,"column":8},"end":{"line":222,"column":15}},"139":{"start":{"line":224,"column":6},"end":{"line":234,"column":7}},"140":{"start":{"line":225,"column":8},"end":{"line":233,"column":9}},"141":{"start":{"line":226,"column":10},"end":{"line":226,"column":58}},"142":{"start":{"line":227,"column":15},"end":{"line":233,"column":9}},"143":{"start":{"line":228,"column":10},"end":{"line":228,"column":64}},"144":{"start":{"line":229,"column":10},"end":{"line":232,"column":11}},"145":{"start":{"line":230,"column":12},"end":{"line":230,"column":30}},"146":{"start":{"line":231,"column":12},"end":{"line":231,"column":52}},"147":{"start":{"line":235,"column":6},"end":{"line":235,"column":72}},"148":{"start":{"line":236,"column":6},"end":{"line":236,"column":55}},"149":{"start":{"line":237,"column":6},"end":{"line":244,"column":7}},"150":{"start":{"line":238,"column":8},"end":{"line":238,"column":36}},"151":{"start":{"line":239,"column":8},"end":{"line":241,"column":9}},"152":{"start":{"line":240,"column":10},"end":{"line":240,"column":19}},"153":{"start":{"line":242,"column":8},"end":{"line":242,"column":68}},"154":{"start":{"line":243,"column":8},"end":{"line":243,"column":42}},"155":{"start":{"line":247,"column":4},"end":{"line":289,"column":6}},"156":{"start":{"line":248,"column":6},"end":{"line":248,"column":78}},"157":{"start":{"line":249,"column":6},"end":{"line":249,"column":20}},"158":{"start":{"line":250,"column":6},"end":{"line":254,"column":7}},"159":{"start":{"line":251,"column":8},"end":{"line":251,"column":32}},"160":{"start":{"line":252,"column":13},"end":{"line":254,"column":7}},"161":{"start":{"line":253,"column":8},"end":{"line":253,"column":46}},"162":{"start":{"line":255,"column":6},"end":{"line":255,"column":35}},"163":{"start":{"line":256,"column":6},"end":{"line":267,"column":15}},"164":{"start":{"line":257,"column":8},"end":{"line":266,"column":10}},"165":{"start":{"line":258,"column":10},"end":{"line":258,"column":27}},"166":{"start":{"line":259,"column":10},"end":{"line":259,"column":39}},"167":{"start":{"line":260,"column":10},"end":{"line":260,"column":40}},"168":{"start":{"line":261,"column":10},"end":{"line":261,"column":23}},"169":{"start":{"line":262,"column":10},"end":{"line":264,"column":11}},"170":{"start":{"line":263,"column":12},"end":{"line":263,"column":43}},"171":{"start":{"line":265,"column":10},"end":{"line":265,"column":25}},"172":{"start":{"line":268,"column":6},"end":{"line":268,"column":28}},"173":{"start":{"line":269,"column":6},"end":{"line":269,"column":30}},"174":{"start":{"line":270,"column":6},"end":{"line":270,"column":27}},"175":{"start":{"line":271,"column":6},"end":{"line":280,"column":15}},"176":{"start":{"line":272,"column":8},"end":{"line":279,"column":10}},"177":{"start":{"line":273,"column":10},"end":{"line":275,"column":11}},"178":{"start":{"line":274,"column":12},"end":{"line":274,"column":34}},"179":{"start":{"line":276,"column":10},"end":{"line":278,"column":11}},"180":{"start":{"line":277,"column":12},"end":{"line":277,"column":87}},"181":{"start":{"line":281,"column":6},"end":{"line":284,"column":9}},"182":{"start":{"line":282,"column":8},"end":{"line":282,"column":28}},"183":{"start":{"line":283,"column":8},"end":{"line":283,"column":25}},"184":{"start":{"line":285,"column":6},"end":{"line":288,"column":9}},"185":{"start":{"line":286,"column":8},"end":{"line":286,"column":36}},"186":{"start":{"line":287,"column":8},"end":{"line":287,"column":25}},"187":{"start":{"line":291,"column":4},"end":{"line":326,"column":6}},"188":{"start":{"line":292,"column":6},"end":{"line":292,"column":42}},"189":{"start":{"line":293,"column":6},"end":{"line":293,"column":44}},"190":{"start":{"line":294,"column":6},"end":{"line":294,"column":20}},"191":{"start":{"line":295,"column":6},"end":{"line":316,"column":15}},"192":{"start":{"line":296,"column":8},"end":{"line":315,"column":10}},"193":{"start":{"line":297,"column":10},"end":{"line":297,"column":26}},"194":{"start":{"line":298,"column":10},"end":{"line":300,"column":11}},"195":{"start":{"line":299,"column":12},"end":{"line":299,"column":27}},"196":{"start":{"line":301,"column":10},"end":{"line":303,"column":11}},"197":{"start":{"line":302,"column":12},"end":{"line":302,"column":35}},"198":{"start":{"line":304,"column":10},"end":{"line":314,"column":11}},"199":{"start":{"line":305,"column":12},"end":{"line":312,"column":13}},"200":{"start":{"line":306,"column":14},"end":{"line":306,"column":54}},"201":{"start":{"line":307,"column":14},"end":{"line":309,"column":15}},"202":{"start":{"line":308,"column":16},"end":{"line":308,"column":25}},"203":{"start":{"line":310,"column":14},"end":{"line":310,"column":75}},"204":{"start":{"line":311,"column":14},"end":{"line":311,"column":49}},"205":{"start":{"line":313,"column":12},"end":{"line":313,"column":35}},"206":{"start":{"line":317,"column":6},"end":{"line":320,"column":7}},"207":{"start":{"line":318,"column":8},"end":{"line":318,"column":19}},"208":{"start":{"line":319,"column":8},"end":{"line":319,"column":22}},"209":{"start":{"line":321,"column":6},"end":{"line":321,"column":19}},"210":{"start":{"line":322,"column":6},"end":{"line":324,"column":7}},"211":{"start":{"line":323,"column":8},"end":{"line":323,"column":77}},"212":{"start":{"line":325,"column":6},"end":{"line":325,"column":21}},"213":{"start":{"line":328,"column":4},"end":{"line":352,"column":6}},"214":{"start":{"line":329,"column":6},"end":{"line":351,"column":7}},"215":{"start":{"line":330,"column":8},"end":{"line":348,"column":18}},"216":{"start":{"line":331,"column":10},"end":{"line":347,"column":12}},"217":{"start":{"line":332,"column":12},"end":{"line":334,"column":13}},"218":{"start":{"line":333,"column":14},"end":{"line":333,"column":29}},"219":{"start":{"line":335,"column":12},"end":{"line":346,"column":13}},"220":{"start":{"line":336,"column":14},"end":{"line":336,"column":52}},"221":{"start":{"line":337,"column":19},"end":{"line":346,"column":13}},"222":{"start":{"line":338,"column":14},"end":{"line":343,"column":17}},"223":{"start":{"line":339,"column":16},"end":{"line":341,"column":17}},"224":{"start":{"line":340,"column":18},"end":{"line":340,"column":28}},"225":{"start":{"line":342,"column":16},"end":{"line":342,"column":37}},"226":{"start":{"line":345,"column":14},"end":{"line":345,"column":61}},"227":{"start":{"line":350,"column":8},"end":{"line":350,"column":32}},"228":{"start":{"line":354,"column":4},"end":{"line":366,"column":6}},"229":{"start":{"line":355,"column":6},"end":{"line":355,"column":23}},"230":{"start":{"line":356,"column":6},"end":{"line":356,"column":72}},"231":{"start":{"line":357,"column":6},"end":{"line":365,"column":9}},"232":{"start":{"line":358,"column":8},"end":{"line":358,"column":18}},"233":{"start":{"line":359,"column":8},"end":{"line":364,"column":9}},"234":{"start":{"line":360,"column":10},"end":{"line":360,"column":49}},"235":{"start":{"line":362,"column":10},"end":{"line":362,"column":22}},"236":{"start":{"line":363,"column":10},"end":{"line":363,"column":25}},"237":{"start":{"line":368,"column":4},"end":{"line":387,"column":6}},"238":{"start":{"line":369,"column":6},"end":{"line":386,"column":9}},"239":{"start":{"line":370,"column":8},"end":{"line":385,"column":9}},"240":{"start":{"line":372,"column":12},"end":{"line":372,"column":27}},"241":{"start":{"line":374,"column":12},"end":{"line":374,"column":28}},"242":{"start":{"line":376,"column":12},"end":{"line":376,"column":27}},"243":{"start":{"line":378,"column":12},"end":{"line":378,"column":26}},"244":{"start":{"line":380,"column":12},"end":{"line":380,"column":26}},"245":{"start":{"line":382,"column":12},"end":{"line":382,"column":28}},"246":{"start":{"line":384,"column":12},"end":{"line":384,"column":25}},"247":{"start":{"line":389,"column":4},"end":{"line":407,"column":6}},"248":{"start":{"line":390,"column":6},"end":{"line":390,"column":52}},"249":{"start":{"line":391,"column":6},"end":{"line":391,"column":62}},"250":{"start":{"line":392,"column":6},"end":{"line":396,"column":7}},"251":{"start":{"line":393,"column":8},"end":{"line":395,"column":9}},"252":{"start":{"line":394,"column":10},"end":{"line":394,"column":49}},"253":{"start":{"line":397,"column":6},"end":{"line":402,"column":7}},"254":{"start":{"line":398,"column":8},"end":{"line":400,"column":9}},"255":{"start":{"line":399,"column":10},"end":{"line":399,"column":16}},"256":{"start":{"line":401,"column":8},"end":{"line":401,"column":47}},"257":{"start":{"line":403,"column":6},"end":{"line":405,"column":7}},"258":{"start":{"line":404,"column":8},"end":{"line":404,"column":66}},"259":{"start":{"line":406,"column":6},"end":{"line":406,"column":18}},"260":{"start":{"line":409,"column":4},"end":{"line":418,"column":6}},"261":{"start":{"line":410,"column":6},"end":{"line":410,"column":20}},"262":{"start":{"line":411,"column":6},"end":{"line":411,"column":29}},"263":{"start":{"line":412,"column":6},"end":{"line":417,"column":7}},"264":{"start":{"line":413,"column":8},"end":{"line":413,"column":85}},"265":{"start":{"line":414,"column":8},"end":{"line":414,"column":60}},"266":{"start":{"line":416,"column":8},"end":{"line":416,"column":32}},"267":{"start":{"line":420,"column":4},"end":{"line":423,"column":6}},"268":{"start":{"line":421,"column":6},"end":{"line":421,"column":23}},"269":{"start":{"line":422,"column":6},"end":{"line":422,"column":31}},"270":{"start":{"line":425,"column":4},"end":{"line":425,"column":22}}},"branchMap":{"1":{"line":23,"type":"cond-expr","locations":[{"start":{"line":23,"column":26},"end":{"line":23,"column":29}},{"start":{"line":23,"column":32},"end":{"line":23,"column":34}}]},"2":{"line":24,"type":"if","locations":[{"start":{"line":24,"column":6},"end":{"line":24,"column":6}},{"start":{"line":24,"column":6},"end":{"line":24,"column":6}}]},"3":{"line":30,"type":"if","locations":[{"start":{"line":30,"column":6},"end":{"line":30,"column":6}},{"start":{"line":30,"column":6},"end":{"line":30,"column":6}}]},"4":{"line":37,"type":"cond-expr","locations":[{"start":{"line":37,"column":26},"end":{"line":37,"column":29}},{"start":{"line":37,"column":32},"end":{"line":37,"column":34}}]},"5":{"line":39,"type":"if","locations":[{"start":{"line":39,"column":6},"end":{"line":39,"column":6}},{"start":{"line":39,"column":6},"end":{"line":39,"column":6}}]},"6":{"line":40,"type":"if","locations":[{"start":{"line":40,"column":8},"end":{"line":40,"column":8}},{"start":{"line":40,"column":8},"end":{"line":40,"column":8}}]},"7":{"line":53,"type":"cond-expr","locations":[{"start":{"line":53,"column":26},"end":{"line":53,"column":29}},{"start":{"line":53,"column":32},"end":{"line":53,"column":34}}]},"8":{"line":56,"type":"if","locations":[{"start":{"line":56,"column":10},"end":{"line":56,"column":10}},{"start":{"line":56,"column":10},"end":{"line":56,"column":10}}]},"9":{"line":59,"type":"if","locations":[{"start":{"line":59,"column":10},"end":{"line":59,"column":10}},{"start":{"line":59,"column":10},"end":{"line":59,"column":10}}]},"10":{"line":59,"type":"binary-expr","locations":[{"start":{"line":59,"column":14},"end":{"line":59,"column":22}},{"start":{"line":59,"column":26},"end":{"line":59,"column":39}}]},"11":{"line":61,"type":"if","locations":[{"start":{"line":61,"column":14},"end":{"line":61,"column":14}},{"start":{"line":61,"column":14},"end":{"line":61,"column":14}}]},"12":{"line":83,"type":"cond-expr","locations":[{"start":{"line":83,"column":34},"end":{"line":83,"column":37}},{"start":{"line":83,"column":40},"end":{"line":83,"column":42}}]},"13":{"line":85,"type":"if","locations":[{"start":{"line":85,"column":6},"end":{"line":85,"column":6}},{"start":{"line":85,"column":6},"end":{"line":85,"column":6}}]},"14":{"line":91,"type":"if","locations":[{"start":{"line":91,"column":6},"end":{"line":91,"column":6}},{"start":{"line":91,"column":6},"end":{"line":91,"column":6}}]},"15":{"line":97,"type":"if","locations":[{"start":{"line":97,"column":8},"end":{"line":97,"column":8}},{"start":{"line":97,"column":8},"end":{"line":97,"column":8}}]},"16":{"line":105,"type":"cond-expr","locations":[{"start":{"line":105,"column":34},"end":{"line":105,"column":37}},{"start":{"li
[...]
ototype.requireGrammars = function(arg, cb) {","      var modulePath;","      modulePath = (arg != null ? arg : {}).modulePath;","      return this.loadGrammars((function(_this) {","        return function(err) {","          if (err) {","            return cb(err);","          }","          return fs.stat(modulePath, function(err, stat) {","            var grammarsDir, packageDir;","            if (err) {","              return cb(err);","            }","            if (stat.isFile()) {","              packageDir = path.dirname(modulePath);","            } else if (stat.isDirectory()) {","              packageDir = modulePath;","            } else {","              return cb();","            }","            grammarsDir = path.resolve(packageDir, 'grammars');","            return _this._registryLoadGrammarsDir(grammarsDir, cb);","          });","        };","      })(this));","    };","","    Highlights.prototype._registryLoadGrammarsDir = function(dir, cb) {","      var done, todo;","      cb = once(cb);","      todo = false;","      done = function(err) {","        if (err) {","          return cb(err);","        }","        if (!--todo) {","          return cb();","        }","      };","      return fs.readdir(dir, (function(_this) {","        return function(err, files) {","          var file, grammarPath, results;","          if (err) {","            return cb(err);","          }","          todo = files.length;","          if (!todo) {","            return cb(false, []);","          }","          results = [];","          while (files.length) {","            file = files.shift();","            grammarPath = path.join(dir, file);","            if (CSON.isObjectPath(grammarPath)) {","              results.push(_this._registryLoadGrammar(grammarPath, function(err) {","                return done(err);","              }));","            } else {","              results.push(void 0);","            }","          }","          return results;","        };","      })(this));","    };","","    Highlights.prototype._registryLoadGrammar = function(grammarPath, cb) {","      return fs.stat(grammarPath, (function(_this) {","        return function(err, stat) {","          if (err) {","            return cb(err);","          }","          if (!stat.isFile()) {","            return cb();","          }","          return _this.registry.loadGrammar(grammarPath, cb);","        };","      })(this));","    };","","    Highlights.prototype._highlightCommon = function(arg) {","      var fileContents, filePath, grammar, html, k, l, lastLineTokens, len, len1, lineTokens, ref, ref1, scopeName, scopeStack, scopes, tokens, value;","      ref = arg != null ? arg : {}, filePath = ref.filePath, fileContents = ref.fileContents, scopeName = ref.scopeName;","      grammar = this.registry.grammarForScopeName(scopeName);","      if (grammar == null) {","        grammar = selector.selectGrammar(this.registry, filePath, fileContents);","      }","      lineTokens = grammar.tokenizeLines(fileContents);","      if (lineTokens.length > 0) {","        lastLineTokens = lineTokens[lineTokens.length - 1];","        if (lastLineTokens.length === 1 && lastLineTokens[0].value === '') {","          lineTokens.pop();","        }","      }","      html = '<pre class=\"editor editor-colors\">';","      for (k = 0, len = lineTokens.length; k < len; k++) {","        tokens = lineTokens[k];","        scopeStack = [];","        html += '<div class=\"line\">';","        for (l = 0, len1 = tokens.length; l < len1; l++) {","          ref1 = tokens[l], value = ref1.value, scopes = ref1.scopes;","          if (!value) {","            value = ' ';","          }","          html = this.updateScopeStack(scopeStack, scopes, html);","          html += \"<span>\" + (this.escapeString(value)) + \"</span>\";","        }","        while (scopeStack.length > 0) {","          html = this.popScope(scopeStack, html);","        }","        html += '</div>';","      }","      html += '</pre>';","      return html;","    };","","    Highlights.prototype.loadGrammarsSync = function() {","      var filePath, grammar, grammarPath, grammarsPath, k, len, ref, ref1;","      if (this.registry.grammars.length > 1) {","        return;","      }","      if (typeof this.includePath === 'string') {","        if (fs.isFileSync(this.includePath)) {","          this.registry.loadGrammarSync(this.includePath);","        } else if (fs.isDirectorySync(this.includePath)) {","          ref = fs.listSync(this.includePath, ['cson', 'json']);","          for (k = 0, len = ref.length; k < len; k++) {","            filePath = ref[k];","            this.registry.loadGrammarSync(filePath);","          }","        }","      }","      grammarsPath = path.join(__dirname, '..', 'gen', 'grammars.json');","      ref1 = JSON.parse(fs.readFileSync(grammarsPath));","      for (grammarPath in ref1) {","        grammar = ref1[grammarPath];","        if (this.registry.grammarForScopeName(grammar.scopeName) != null) {","          continue;","        }","        grammar = this.registry.createGrammar(grammarPath, grammar);","        this.registry.addGrammar(grammar);","      }","    };","","    Highlights.prototype.loadGrammars = function(cb) {","      var callbacks, done, grammarsArray, grammarsFromJSON, pendingAsyncCalls;","      cb = once(cb);","      if (this._loadingGrammars === true || this.registry.grammars.length > 1) {","        return setImmediate(cb);","      } else if (Array.isArray(this._loadingGrammars)) {","        return this._loadingGrammars.push(cb);","      }","      this._loadingGrammars = [cb];","      callbacks = (function(_this) {","        return function(err) {","          var cbs, results;","          cbs = _this._loadingGrammars;","          _this._loadingGrammars = true;","          results = [];","          while (cbs.length) {","            results.push(cbs.shift()(err));","          }","          return results;","        };","      })(this);","      pendingAsyncCalls = 2;","      grammarsFromJSON = null;","      grammarsArray = null;","      done = (function(_this) {","        return function(err, paths) {","          if (err) {","            return callbacks(err);","          }","          if (!--pendingAsyncCalls) {","            return _this._populateGrammars(grammarsFromJSON, grammarsArray, callbacks);","          }","        };","      })(this);","      this._findGrammars(function(err, arr) {","        grammarsArray = arr;","        return done(err);","      });","      return this._loadGrammarsJSON(function(err, fromJSON) {","        grammarsFromJSON = fromJSON;","        return done(err);","      });","    };","","    Highlights.prototype._populateGrammars = function(grammarsFromJSON, grammarsArray, cb) {","      var done, grammars, results, toLoad;","      toLoad = (grammarsArray || []).length;","      grammars = [];","      done = (function(_this) {","        return function(err, grammar) {","          var grammarPath;","          if (err) {","            return cb(err);","          }","          if (grammar) {","            grammars.push(grammar);","          }","          if (!--toLoad) {","            for (grammarPath in grammarsFromJSON) {","              grammar = grammarsFromJSON[grammarPath];","              if (_this.registry.grammarForScopeName(grammar.scopeName) != null) {","                continue;","              }","              grammar = _this.registry.createGrammar(grammarPath, grammar);","              _this.registry.addGrammar(grammar);","            }","            return cb(false, true);","          }","        };","      })(this);","      if (!toLoad) {","        toLoad = 1;","        return done();","      }","      results = [];","      while (grammarsArray.length) {","        results.push(this.registry.loadGrammar(grammarsArray.shift(), done));","      }","      return results;","    };","","    Highlights.prototype._findGrammars = function(cb) {","      if (typeof this.includePath === 'string') {","        return fs.stat(this.includePath, (function(_this) {","          return function(err, stat) {","            if (err) {","              return cb(err);","            }","            if (stat.isFile()) {","              return cb(false, [_this.includePath]);","            } else if (stat.isDirectory()) {","              return fs.list(_this.includePath, ['cson', 'json'], function(err, list) {","                if (list == null) {","                  list = [];","                }","                return cb(err, list);","              });","            } else {","              return cb(new Error('unsupported file type.'));","            }","          };","        })(this));","      } else {","        return setImmediate(cb);","      }","    };","","    Highlights.prototype._loadGrammarsJSON = function(cb) {","      var grammarsPath;","      grammarsPath = path.join(__dirname, '..', 'gen', 'grammars.json');","      return fs.readFile(grammarsPath, function(err, contents) {","        var error;","        try {","          return cb(false, JSON.parse(contents));","        } catch (error) {","          err = error;","          return cb(err);","        }","      });","    };","","    Highlights.prototype.escapeString = function(string) {","      return string.replace(/[&\"'<> ]/g, function(match) {","        switch (match) {","          case '&':","            return '&amp;';","          case '\"':","            return '&quot;';","          case \"'\":","            return '&#39;';","          case '<':","            return '&lt;';","          case '>':","            return '&gt;';","          case ' ':","            return '&nbsp;';","          default:","            return match;","        }","      });","    };","","    Highlights.prototype.updateScopeStack = function(scopeStack, desiredScopes, html) {","      var excessScopes, i, j, k, l, ref, ref1, ref2;","      excessScopes = scopeStack.length - desiredScopes.length;","      if (excessScopes > 0) {","        while (excessScopes--) {","          html = this.popScope(scopeStack, html);","        }","      }","      for (i = k = ref = scopeStack.length; ref <= 0 ? k <= 0 : k >= 0; i = ref <= 0 ? ++k : --k) {","        if (_.isEqual(scopeStack.slice(0, i), desiredScopes.slice(0, i))) {","          break;","        }","        html = this.popScope(scopeStack, html);","      }","      for (j = l = ref1 = i, ref2 = desiredScopes.length; ref1 <= ref2 ? l < ref2 : l > ref2; j = ref1 <= ref2 ? ++l : --l) {","        html = this.pushScope(scopeStack, desiredScopes[j], html);","      }","      return html;","    };","","    Highlights.prototype.pushScope = function(scopeStack, scope, html) {","      var className;","      scopeStack.push(scope);","      if (scope) {","        className = this.scopePrefix + scope.replace(/\\.+/g, \" \" + this.scopePrefix);","        return html += \"<span class=\\\"\" + className + \"\\\">\";","      } else {","        return html += \"<span>\";","      }","    };","","    Highlights.prototype.popScope = function(scopeStack, html) {","      scopeStack.pop();","      return html += '</span>';","    };","","    return Highlights;","","  })();","","}).call(this);",""],"l":{"1":1,"2":1,"4":1,"6":1,"8":1,"10":1,"12":1,"14":1,"16":1,"18":1,"20":1,"21":1,"22":0,"23":0,"24":0,"25":0,"29":0,"30":0,"31":0,"35":1,"36":0,"37":0,"38":0,"39":0,"40":0,"41":0,"44":0,"51":1,"52":0,"53":0,"54":0,"55":0,"56":0,"57":0,"59":0,"60":0,"61":0,"62":0,"64":0,"71":0,"81":1,"82":0,"83":0,"84":0,"85":0,"86":0,"88":0,"90":0,"91":0,"92":0,"94":0,"95":0,"96":0,"97":0,"98":0,"103":1,"104":0,"105":0,"106":0,"107":0,"108":0,"109":0,"111":0,"112":0,"113":0,"114":0,"116":0,"117":0,"118":0,"119":0,"121":0,"123":0,"124":0,"130":1,"131":0,"132":0,"133":0,"134":0,"135":0,"136":0,"138":0,"139":0,"142":0,"143":0,"144":0,"145":0,"146":0,"148":0,"149":0,"150":0,"152":0,"153":0,"154":0,"155":0,"156":0,"157":0,"158":0,"161":0,"164":0,"169":1,"170":0,"171":0,"172":0,"173":0,"175":0,"176":0,"178":0,"183":1,"184":0,"185":0,"186":0,"187":0,"188":0,"190":0,"191":0,"192":0,"193":0,"194":0,"197":0,"198":0,"199":0,"200":0,"201":0,"202":0,"203":0,"204":0,"205":0,"207":0,"208":0,"210":0,"211":0,"213":0,"215":0,"216":0,"219":1,"220":0,"221":0,"222":0,"224":0,"225":0,"226":0,"227":0,"228":0,"229":0,"230":0,"231":0,"235":0,"236":0,"237":0,"238":0,"239":0,"240":0,"242":0,"243":0,"247":1,"248":0,"249":0,"250":0,"251":0,"252":0,"253":0,"255":0,"256":0,"257":0,"258":0,"259":0,"260":0,"261":0,"262":0,"263":0,"265":0,"268":0,"269":0,"270":0,"271":0,"272":0,"273":0,"274":0,"276":0,"277":0,"281":0,"282":0,"283":0,"285":0,"286":0,"287":0,"291":1,"292":0,"293":0,"294":0,"295":0,"296":0,"297":0,"298":0,"299":0,"301":0,"302":0,"304":0,"305":0,"306":0,"307":0,"308":0,"310":0,"311":0,"313":0,"317":0,"318":0,"319":0,"321":0,"322":0,"323":0,"325":0,"328":1,"329":0,"330":0,"331":0,"332":0,"333":0,"335":0,"336":0,"337":0,"338":0,"339":0,"340":0,"342":0,"345":0,"350":0,"354":1,"355":0,"356":0,"357":0,"358":0,"359":0,"360":0,"362":0,"363":0,"368":1,"369":0,"370":0,"372":0,"374":0,"376":0,"378":0,"380":0,"382":0,"384":0,"389":1,"390":0,"391":0,"392":0,"393":0,"394":0,"397":0,"398":0,"399":0,"401":0,"403":0,"404":0,"406":0,"409":1,"410":0,"411":0,"412":0,"413":0,"414":0,"416":0,"420":1,"421":0,"422":0,"425":1}},"/home/travis/build/npmtest/node-npmtest-highlights/node_modules/highlights/lib/cli.js":{"path":"/home/travis/build/npmtest/node-npmtest-highlights/node_modules/highlights/lib/cli.js","s":{"1":1,"2":1,"3":1,"4":1,"5":1,"6":1,"7":1,"8":0,"9":0,"10":0,"11":0,"12":0,"13":0,"14":0,"15":0,"16":0,"17":0,"18":0,"19":0,"20":0,"21":0,"22":0,"23":0,"24":0,"25":0,"26":0,"27":0,"28":0,"29":0,"30":0,"31":0,"32":0,"33":0,"34":0},"b":{"1":[0,0],"2":[0,0],"3":[0,0],"4":[0,0],"5":[0,0]},"f":{"1":1,"2":0,"3":0,"4":0},"fnMap":{"1":{"name":"(anonymous_1)","line":1,"loc":{"start":{"line":1,"column":1},"end":{"line":1,"column":12}}},"2":{"name":"(anonymous_2)","line":12,"loc":{"start":{"line":12,"column":19},"end":{"line":12,"column":30}}},"3":{"name":"(anonymous_3)","line":41,"loc":{"start":{"line":41,"column":31},"end":{"line":41,"column":47}}},"4":{"name":"(anonymous_4)","line":44,"loc":{"start":{"line":44,"column":37},"end":{"line":44,"column":48}}}},"statementMap":{"1":{"start":{"line":1,"column":0},"end":{"line":59,"column":14}},"2":{"start":{"line":2,"column":2},"end":{"line":2,"column":34}},"3":{"start":{"line":4,"column":2},"end":{"line":4,"column":25}},"4":{"start":{"line":6,"column":2},"end":{"line":6,"column":26}},"5":{"start":{"line":8,"column":2},"end":{"line":8,"column":27}},"6":{"start":{"line":10,"column":2},"end":{"line":10,"column":39}},"7":{"start":{"line":12,"column":2},"end":{"line":57,"column":4}},"8":{"start":{"line":13,"column":4},"end":{"line":13,"column":55}},"9":{"start":{"line":14,"column":4},"end":{"line":14,"column":722}},"10":{"start":{"line":15,"column":4},"end":{"line":15,"column":25}},"11":{"start":{"line":16,"column":4},"end":{"line":16,"column":29}},"12":{"start":{"line":17,"column":4},"end":{"line":19,"column":5}},"13":{"start":{"line":18,"column":6},"end":{"line":18,"column":44}},"14":{"start":{"line":20,"column":4},"end":{"line":56,"column":5}},"15":{"start":{"line":21,"column":6},"end":{"line":21,"column":40}},"16":{"start":{"line":22,"column":6},"end":{"line":26,"column":7}},"17":{"start":{"line":23,"column":8},"end":{"line":23,"column":67}},"18":{"start":{"line":24,"column":8},"end":{"line":24,"column":24}},"19":{"start":{"line":25,"column":8},"end":{"line":25,"column":15}},"20":{"start":{"line":27,"column":6},"end":{"line":30,"column":9}},"21":{"start":{"line":31,"column":6},"end":{"line":35,"column":7}},"22":{"start":{"line":32,"column":8},"end":{"line":32,"column":50}},"23":{"start":{"line":34,"column":8},"end":{"line":34,"column":33}},"24":{"start":{"line":37,"column":6},"end":{"line":37,"column":24}},"25":{"start":{"line":38,"column":6},"end":{"line":38,"column":29}},"26":{"start":{"line":39,"column":6},"end":{"line":39,"column":40}},"27":{"start":{"line":40,"column":6},"end":{"line":40,"column":24}},"28":{"start":{"line":41,"column":6},"end":{"line":43,"column":9}},"29":{"start":{"line":42,"column":8},"end":{"line":42,"column":48}},"30":{"start":{"line":44,"column":6},"end":{"line":55,"column":9}},"31":{"start":{"line":45,"column":8},"end":{"line":49,"column":11}},"32":{"start":{"line":50,"column":8},"end":{"line":54,"column":9}},"33":{"start":{"line":51,"column":10},"end":{"line":51,"column":52}},"34":{"start":{"line":53,"column":10},"end":{"line":53,"column":35}}},"branchMap":{"1":{"line":17,"type":"if","locations":[{"start":{"line":17,"column":4},"end":{"line":17,"column":4}},{"start":{"line":17,"column":4},"end":{"line":17,"column":4}}]},"2":{"line":20,"type":"if","locations":[{"start":{"line":20,"column":4},"end":{"line":20,"column":4}},{"start":{"line":20,"column":4},"end":{"line":20,"column":4}}]},"3":{"line":22,"type":"if","locations":[{"start":{"line":22,"column":6},"end":{"line":22,"column":6}},{"start":{"line":22,"column":6},"end":{"line":22,"column":6}}]},"4":{"line":31,"type":"if","locations":[{"start":{"line":31,"column":6},"end":{"line":31,"column":6}},{"start":{"line":31,"column":6},"end":{"line":31,"column":6}}]},"5":{"line":50,"type":"if","locations":[{"start":{"line":50,"column":8},"end":{"line":50,"column":8}},{"start":{"line":50,"column":8},"end":{"line":50,"column":8}}]}},"code":["(function() {","  var Highlights, fs, path, yargs;","","  path = require('path');","","  fs = require('fs-plus');","","  yargs = require('yargs');","","  Highlights = require('./highlights');","","  module.exports = function() {","    var argv, fileContents, filePath, html, outputPath;","    argv = yargs.describe('i', 'Path to file or folder of grammars to include').alias('i', 'include').string('i').describe('o', 'File path to write the HTML output to').alias('o', 'output').string('o').describe('s', 'Scope name of the grammar to use').alias('s', 'scope').string('s').describe('f', 'File path to use for grammar detection when reading from stdin').alias('f', 'file-path').string('f').help('h').alias('h', 'help').usage(\"Usage: highlights [options] [file]\\n\\nOutput the syntax highlighted HTML for a file.\\n\\nIf no input file is specified then the text to highlight is read from standard in.\\n\\nIf no output file is specified then the HTML is written to standard out.\").version().alias('v', 'version').argv;","    filePath = argv._[0];","    outputPath = argv.output;","    if (outputPath) {","      outputPath = path.resolve(outputPath);","    }","    if (filePath) {","      filePath = path.resolve(filePath);","      if (!fs.isFileSync(filePath)) {","        console.error(\"Specified path is not a file: \" + filePath);","        process.exit(1);","        return;","      }","      html = new Highlights().highlightSync({","        filePath: filePath,","        scopeName: argv.scope","      });","      if (outputPath) {","        return fs.writeFileSync(outputPath, html);","      } else {","        return console.log(html);","      }","    } else {","      filePath = argv.f;","      process.stdin.resume();","      process.stdin.setEncoding('utf8');","      fileContents = '';","      process.stdin.on('data', function(chunk) {","        return fileContents += chunk.toString();","      });","      return process.stdin.on('end', function() {","        html = new Highlights().highlightSync({","          filePath: filePath,","          fileContents: fileContents,","          scopeName: argv.scope","        });","        if (outputPath) {","          return fs.writeFileSync(outputPath, html);","        } else {","          return console.log(html);","        }","      });","    }","  };","","}).call(this);",""],"l":{"1":1,"2":1,"4":1,"6":1,"8":1,"10":1,"12":1,"13":0,"14":0,"15":0,"16":0,"17":0,"18":0,"20":0,"21":0,"22":0,"23":0,"24":0,"25":0,"27":0,"31":0,"32":0,"34":0,"37":0,"38":0,"39":0,"40":0,"41":0,"42":0,"44":0,"45":0,"50":0,"51":0,"53":0}}}